{"C:\\Users\\IMRAN\\Documents\\HacktiPhase-Server\\forum\\app.js": {"path":"C:\\Users\\IMRAN\\Documents\\HacktiPhase-Server\\forum\\app.js","statementMap":{"0":{"start":{"line":1,"column":0},"end":{"line":1,"column":27}},"1":{"start":{"line":3,"column":16},"end":{"line":3,"column":34}},"2":{"start":{"line":4,"column":12},"end":{"line":4,"column":21}},"3":{"start":{"line":5,"column":13},"end":{"line":5,"column":17}},"4":{"start":{"line":6,"column":13},"end":{"line":6,"column":28}},"5":{"start":{"line":7,"column":22},"end":{"line":7,"column":50}},"6":{"start":{"line":8,"column":21},"end":{"line":8,"column":48}},"7":{"start":{"line":9,"column":21},"end":{"line":9,"column":58}},"8":{"start":{"line":10,"column":13},"end":{"line":10,"column":42}},"9":{"start":{"line":12,"column":0},"end":{"line":12,"column":48}},"10":{"start":{"line":13,"column":0},"end":{"line":13,"column":24}},"11":{"start":{"line":14,"column":0},"end":{"line":14,"column":16}},"12":{"start":{"line":15,"column":0},"end":{"line":15,"column":14}},"13":{"start":{"line":16,"column":0},"end":{"line":16,"column":36}},"14":{"start":{"line":17,"column":0},"end":{"line":17,"column":34}},"15":{"start":{"line":18,"column":0},"end":{"line":18,"column":22}},"16":{"start":{"line":22,"column":0},"end":{"line":22,"column":21}}},"fnMap":{},"branchMap":{},"s":{"0":2,"1":2,"2":2,"3":2,"4":2,"5":2,"6":2,"7":2,"8":2,"9":2,"10":2,"11":2,"12":2,"13":2,"14":2,"15":2,"16":2},"f":{},"b":{},"_coverageSchema":"1a1c01bbd47fc00a2c39e90264f33305004495a9","hash":"d7d048cb4f0032fd483b3b2cbc630afd30c26f2c"}
,"C:\\Users\\IMRAN\\Documents\\HacktiPhase-Server\\forum\\controllers\\commentController.js": {"path":"C:\\Users\\IMRAN\\Documents\\HacktiPhase-Server\\forum\\controllers\\commentController.js","statementMap":{"0":{"start":{"line":1,"column":34},"end":{"line":1,"column":60}},"1":{"start":{"line":5,"column":4},"end":{"line":11,"column":5}},"2":{"start":{"line":6,"column":24},"end":{"line":6,"column":47}},"3":{"start":{"line":8,"column":6},"end":{"line":8,"column":40}},"4":{"start":{"line":10,"column":6},"end":{"line":10,"column":18}},"5":{"start":{"line":15,"column":4},"end":{"line":35,"column":5}},"6":{"start":{"line":16,"column":34},"end":{"line":16,"column":42}},"7":{"start":{"line":17,"column":19},"end":{"line":17,"column":27}},"8":{"start":{"line":18,"column":23},"end":{"line":23,"column":8}},"9":{"start":{"line":25,"column":6},"end":{"line":27,"column":7}},"10":{"start":{"line":26,"column":8},"end":{"line":26,"column":36}},"11":{"start":{"line":29,"column":24},"end":{"line":29,"column":79}},"12":{"start":{"line":31,"column":6},"end":{"line":31,"column":40}},"13":{"start":{"line":33,"column":6},"end":{"line":33,"column":25}},"14":{"start":{"line":34,"column":6},"end":{"line":34,"column":18}},"15":{"start":{"line":39,"column":4},"end":{"line":50,"column":5}},"16":{"start":{"line":40,"column":21},"end":{"line":40,"column":31}},"17":{"start":{"line":42,"column":22},"end":{"line":42,"column":48}},"18":{"start":{"line":44,"column":6},"end":{"line":46,"column":7}},"19":{"start":{"line":45,"column":8},"end":{"line":45,"column":36}},"20":{"start":{"line":47,"column":6},"end":{"line":47,"column":36}},"21":{"start":{"line":49,"column":6},"end":{"line":49,"column":18}},"22":{"start":{"line":54,"column":4},"end":{"line":74,"column":5}},"23":{"start":{"line":55,"column":21},"end":{"line":55,"column":31}},"24":{"start":{"line":57,"column":22},"end":{"line":57,"column":48}},"25":{"start":{"line":59,"column":6},"end":{"line":61,"column":7}},"26":{"start":{"line":60,"column":8},"end":{"line":60,"column":36}},"27":{"start":{"line":63,"column":6},"end":{"line":67,"column":9}},"28":{"start":{"line":69,"column":6},"end":{"line":71,"column":9}},"29":{"start":{"line":73,"column":6},"end":{"line":73,"column":18}},"30":{"start":{"line":78,"column":4},"end":{"line":96,"column":5}},"31":{"start":{"line":79,"column":36},"end":{"line":79,"column":44}},"32":{"start":{"line":81,"column":21},"end":{"line":81,"column":31}},"33":{"start":{"line":83,"column":25},"end":{"line":83,"column":51}},"34":{"start":{"line":85,"column":6},"end":{"line":87,"column":7}},"35":{"start":{"line":86,"column":8},"end":{"line":86,"column":36}},"36":{"start":{"line":89,"column":6},"end":{"line":89,"column":69}},"37":{"start":{"line":91,"column":6},"end":{"line":93,"column":9}},"38":{"start":{"line":95,"column":6},"end":{"line":95,"column":18}},"39":{"start":{"line":100,"column":0},"end":{"line":100,"column":35}}},"fnMap":{"0":{"name":"(anonymous_0)","decl":{"start":{"line":4,"column":2},"end":{"line":4,"column":3}},"loc":{"start":{"line":4,"column":45},"end":{"line":12,"column":3}},"line":4},"1":{"name":"(anonymous_1)","decl":{"start":{"line":14,"column":2},"end":{"line":14,"column":3}},"loc":{"start":{"line":14,"column":45},"end":{"line":36,"column":3}},"line":14},"2":{"name":"(anonymous_2)","decl":{"start":{"line":38,"column":2},"end":{"line":38,"column":3}},"loc":{"start":{"line":38,"column":48},"end":{"line":51,"column":3}},"line":38},"3":{"name":"(anonymous_3)","decl":{"start":{"line":53,"column":2},"end":{"line":53,"column":3}},"loc":{"start":{"line":53,"column":45},"end":{"line":75,"column":3}},"line":53},"4":{"name":"(anonymous_4)","decl":{"start":{"line":77,"column":2},"end":{"line":77,"column":3}},"loc":{"start":{"line":77,"column":45},"end":{"line":97,"column":3}},"line":77}},"branchMap":{"0":{"loc":{"start":{"line":25,"column":6},"end":{"line":27,"column":7}},"type":"if","locations":[{"start":{"line":25,"column":6},"end":{"line":27,"column":7}},{"start":{},"end":{}}],"line":25},"1":{"loc":{"start":{"line":44,"column":6},"end":{"line":46,"column":7}},"type":"if","locations":[{"start":{"line":44,"column":6},"end":{"line":46,"column":7}},{"start":{},"end":{}}],"line":44},"2":{"loc":{"start":{"line":59,"column":6},"end":{"line":61,"column":7}},"type":"if","locations":[{"start":{"line":59,"column":6},"end":{"line":61,"column":7}},{"start":{},"end":{}}],"line":59},"3":{"loc":{"start":{"line":85,"column":6},"end":{"line":87,"column":7}},"type":"if","locations":[{"start":{"line":85,"column":6},"end":{"line":87,"column":7}},{"start":{},"end":{}}],"line":85}},"s":{"0":2,"1":2,"2":2,"3":1,"4":1,"5":2,"6":2,"7":2,"8":2,"9":2,"10":1,"11":1,"12":1,"13":1,"14":1,"15":2,"16":2,"17":2,"18":2,"19":1,"20":1,"21":1,"22":2,"23":2,"24":2,"25":2,"26":1,"27":1,"28":1,"29":1,"30":2,"31":2,"32":2,"33":2,"34":2,"35":1,"36":1,"37":1,"38":1,"39":2},"f":{"0":2,"1":2,"2":2,"3":2,"4":2},"b":{"0":[1,1],"1":[1,1],"2":[1,1],"3":[1,1]},"_coverageSchema":"1a1c01bbd47fc00a2c39e90264f33305004495a9","hash":"aac94ea720d6eba670cedeb10053e36d6d010c99"}
,"C:\\Users\\IMRAN\\Documents\\HacktiPhase-Server\\forum\\controllers\\threadController.js": {"path":"C:\\Users\\IMRAN\\Documents\\HacktiPhase-Server\\forum\\controllers\\threadController.js","statementMap":{"0":{"start":{"line":1,"column":34},"end":{"line":1,"column":54}},"1":{"start":{"line":5,"column":4},"end":{"line":14,"column":5}},"2":{"start":{"line":6,"column":25},"end":{"line":9,"column":8}},"3":{"start":{"line":11,"column":6},"end":{"line":11,"column":39}},"4":{"start":{"line":13,"column":6},"end":{"line":13,"column":18}},"5":{"start":{"line":18,"column":4},"end":{"line":26,"column":5}},"6":{"start":{"line":19,"column":33},"end":{"line":19,"column":41}},"7":{"start":{"line":20,"column":21},"end":{"line":20,"column":29}},"8":{"start":{"line":21,"column":25},"end":{"line":21,"column":76}},"9":{"start":{"line":23,"column":6},"end":{"line":23,"column":39}},"10":{"start":{"line":25,"column":6},"end":{"line":25,"column":18}},"11":{"start":{"line":30,"column":4},"end":{"line":44,"column":5}},"12":{"start":{"line":31,"column":21},"end":{"line":31,"column":31}},"13":{"start":{"line":33,"column":21},"end":{"line":36,"column":8}},"14":{"start":{"line":37,"column":6},"end":{"line":39,"column":7}},"15":{"start":{"line":38,"column":8},"end":{"line":38,"column":36}},"16":{"start":{"line":41,"column":6},"end":{"line":41,"column":35}},"17":{"start":{"line":43,"column":6},"end":{"line":43,"column":18}},"18":{"start":{"line":48,"column":4},"end":{"line":68,"column":5}},"19":{"start":{"line":49,"column":19},"end":{"line":49,"column":29}},"20":{"start":{"line":51,"column":19},"end":{"line":51,"column":44}},"21":{"start":{"line":53,"column":6},"end":{"line":55,"column":7}},"22":{"start":{"line":54,"column":8},"end":{"line":54,"column":36}},"23":{"start":{"line":57,"column":6},"end":{"line":61,"column":9}},"24":{"start":{"line":63,"column":6},"end":{"line":65,"column":9}},"25":{"start":{"line":67,"column":6},"end":{"line":67,"column":18}},"26":{"start":{"line":72,"column":4},"end":{"line":99,"column":5}},"27":{"start":{"line":73,"column":33},"end":{"line":73,"column":41}},"28":{"start":{"line":74,"column":21},"end":{"line":74,"column":31}},"29":{"start":{"line":76,"column":21},"end":{"line":76,"column":46}},"30":{"start":{"line":78,"column":6},"end":{"line":80,"column":7}},"31":{"start":{"line":79,"column":8},"end":{"line":79,"column":36}},"32":{"start":{"line":82,"column":6},"end":{"line":92,"column":8}},"33":{"start":{"line":94,"column":6},"end":{"line":96,"column":9}},"34":{"start":{"line":98,"column":6},"end":{"line":98,"column":18}},"35":{"start":{"line":103,"column":0},"end":{"line":103,"column":34}}},"fnMap":{"0":{"name":"(anonymous_0)","decl":{"start":{"line":4,"column":2},"end":{"line":4,"column":3}},"loc":{"start":{"line":4,"column":44},"end":{"line":15,"column":3}},"line":4},"1":{"name":"(anonymous_1)","decl":{"start":{"line":17,"column":2},"end":{"line":17,"column":3}},"loc":{"start":{"line":17,"column":44},"end":{"line":27,"column":3}},"line":17},"2":{"name":"(anonymous_2)","decl":{"start":{"line":29,"column":2},"end":{"line":29,"column":3}},"loc":{"start":{"line":29,"column":47},"end":{"line":45,"column":3}},"line":29},"3":{"name":"(anonymous_3)","decl":{"start":{"line":47,"column":2},"end":{"line":47,"column":3}},"loc":{"start":{"line":47,"column":44},"end":{"line":69,"column":3}},"line":47},"4":{"name":"(anonymous_4)","decl":{"start":{"line":71,"column":2},"end":{"line":71,"column":3}},"loc":{"start":{"line":71,"column":44},"end":{"line":100,"column":3}},"line":71}},"branchMap":{"0":{"loc":{"start":{"line":37,"column":6},"end":{"line":39,"column":7}},"type":"if","locations":[{"start":{"line":37,"column":6},"end":{"line":39,"column":7}},{"start":{},"end":{}}],"line":37},"1":{"loc":{"start":{"line":53,"column":6},"end":{"line":55,"column":7}},"type":"if","locations":[{"start":{"line":53,"column":6},"end":{"line":55,"column":7}},{"start":{},"end":{}}],"line":53},"2":{"loc":{"start":{"line":78,"column":6},"end":{"line":80,"column":7}},"type":"if","locations":[{"start":{"line":78,"column":6},"end":{"line":80,"column":7}},{"start":{},"end":{}}],"line":78}},"s":{"0":2,"1":2,"2":2,"3":1,"4":1,"5":2,"6":2,"7":2,"8":2,"9":1,"10":1,"11":2,"12":2,"13":2,"14":2,"15":1,"16":1,"17":1,"18":2,"19":2,"20":2,"21":2,"22":1,"23":1,"24":1,"25":1,"26":2,"27":2,"28":2,"29":2,"30":2,"31":1,"32":1,"33":1,"34":1,"35":2},"f":{"0":2,"1":2,"2":2,"3":2,"4":2},"b":{"0":[1,1],"1":[1,1],"2":[1,1]},"_coverageSchema":"1a1c01bbd47fc00a2c39e90264f33305004495a9","hash":"f78a93ccc0411a42af6caa21389b409cc7c58d44"}
,"C:\\Users\\IMRAN\\Documents\\HacktiPhase-Server\\forum\\helpers\\helpers.js": {"path":"C:\\Users\\IMRAN\\Documents\\HacktiPhase-Server\\forum\\helpers\\helpers.js","statementMap":{"0":{"start":{"line":1,"column":12},"end":{"line":1,"column":35}},"1":{"start":{"line":3,"column":16},"end":{"line":3,"column":72}},"2":{"start":{"line":3,"column":29},"end":{"line":3,"column":72}},"3":{"start":{"line":5,"column":20},"end":{"line":8,"column":1}},"4":{"start":{"line":6,"column":16},"end":{"line":6,"column":59}},"5":{"start":{"line":7,"column":2},"end":{"line":7,"column":17}},"6":{"start":{"line":10,"column":0},"end":{"line":10,"column":42}}},"fnMap":{"0":{"name":"(anonymous_0)","decl":{"start":{"line":3,"column":16},"end":{"line":3,"column":17}},"loc":{"start":{"line":3,"column":29},"end":{"line":3,"column":72}},"line":3},"1":{"name":"(anonymous_1)","decl":{"start":{"line":5,"column":20},"end":{"line":5,"column":21}},"loc":{"start":{"line":5,"column":31},"end":{"line":8,"column":1}},"line":5}},"branchMap":{},"s":{"0":2,"1":2,"2":2,"3":2,"4":30,"5":20,"6":2},"f":{"0":2,"1":30},"b":{},"_coverageSchema":"1a1c01bbd47fc00a2c39e90264f33305004495a9","hash":"3f4b18554ab9526dc40646a2719c002cae3a14f4"}
,"C:\\Users\\IMRAN\\Documents\\HacktiPhase-Server\\forum\\middlewares\\auth.js": {"path":"C:\\Users\\IMRAN\\Documents\\HacktiPhase-Server\\forum\\middlewares\\auth.js","statementMap":{"0":{"start":{"line":1,"column":24},"end":{"line":1,"column":53}},"1":{"start":{"line":2,"column":17},"end":{"line":2,"column":37}},"2":{"start":{"line":5,"column":2},"end":{"line":17,"column":3}},"3":{"start":{"line":6,"column":29},"end":{"line":6,"column":40}},"4":{"start":{"line":7,"column":15},"end":{"line":7,"column":40}},"5":{"start":{"line":8,"column":22},"end":{"line":12,"column":6}},"6":{"start":{"line":13,"column":4},"end":{"line":13,"column":25}},"7":{"start":{"line":14,"column":4},"end":{"line":14,"column":11}},"8":{"start":{"line":16,"column":4},"end":{"line":16,"column":16}},"9":{"start":{"line":19,"column":0},"end":{"line":19,"column":22}}},"fnMap":{"0":{"name":"auth","decl":{"start":{"line":4,"column":15},"end":{"line":4,"column":19}},"loc":{"start":{"line":4,"column":36},"end":{"line":18,"column":1}},"line":4}},"branchMap":{},"s":{"0":2,"1":2,"2":30,"3":30,"4":30,"5":20,"6":20,"7":20,"8":10,"9":2},"f":{"0":30},"b":{},"_coverageSchema":"1a1c01bbd47fc00a2c39e90264f33305004495a9","hash":"7c4778b639669500e2a3a3301a9efb90ddcd00a9"}
,"C:\\Users\\IMRAN\\Documents\\HacktiPhase-Server\\forum\\middlewares\\errorHandler.js": {"path":"C:\\Users\\IMRAN\\Documents\\HacktiPhase-Server\\forum\\middlewares\\errorHandler.js","statementMap":{"0":{"start":{"line":1,"column":0},"end":{"line":26,"column":2}},"1":{"start":{"line":2,"column":13},"end":{"line":2,"column":16}},"2":{"start":{"line":3,"column":16},"end":{"line":3,"column":39}},"3":{"start":{"line":15,"column":2},"end":{"line":21,"column":3}},"4":{"start":{"line":16,"column":4},"end":{"line":16,"column":15}},"5":{"start":{"line":17,"column":4},"end":{"line":17,"column":34}},"6":{"start":{"line":18,"column":9},"end":{"line":21,"column":3}},"7":{"start":{"line":19,"column":4},"end":{"line":19,"column":15}},"8":{"start":{"line":20,"column":4},"end":{"line":20,"column":29}},"9":{"start":{"line":22,"column":2},"end":{"line":25,"column":5}}},"fnMap":{"0":{"name":"(anonymous_0)","decl":{"start":{"line":1,"column":17},"end":{"line":1,"column":18}},"loc":{"start":{"line":1,"column":42},"end":{"line":26,"column":1}},"line":1}},"branchMap":{"0":{"loc":{"start":{"line":15,"column":2},"end":{"line":21,"column":3}},"type":"if","locations":[{"start":{"line":15,"column":2},"end":{"line":21,"column":3}},{"start":{"line":18,"column":9},"end":{"line":21,"column":3}}],"line":15},"1":{"loc":{"start":{"line":18,"column":9},"end":{"line":21,"column":3}},"type":"if","locations":[{"start":{"line":18,"column":9},"end":{"line":21,"column":3}},{"start":{},"end":{}}],"line":18}},"s":{"0":2,"1":20,"2":20,"3":20,"4":7,"5":7,"6":13,"7":10,"8":10,"9":20},"f":{"0":20},"b":{"0":[7,13],"1":[10,3]},"_coverageSchema":"1a1c01bbd47fc00a2c39e90264f33305004495a9","hash":"132137db47e0398dd255526dce629e50dd3bfa74"}
,"C:\\Users\\IMRAN\\Documents\\HacktiPhase-Server\\forum\\models\\comment.js": {"path":"C:\\Users\\IMRAN\\Documents\\HacktiPhase-Server\\forum\\models\\comment.js","statementMap":{"0":{"start":{"line":2,"column":18},"end":{"line":2,"column":38}},"1":{"start":{"line":3,"column":0},"end":{"line":37,"column":2}},"2":{"start":{"line":12,"column":6},"end":{"line":12,"column":39}},"3":{"start":{"line":13,"column":6},"end":{"line":13,"column":37}},"4":{"start":{"line":17,"column":2},"end":{"line":35,"column":4}},"5":{"start":{"line":36,"column":2},"end":{"line":36,"column":17}}},"fnMap":{"0":{"name":"(anonymous_0)","decl":{"start":{"line":3,"column":17},"end":{"line":3,"column":18}},"loc":{"start":{"line":3,"column":43},"end":{"line":37,"column":1}},"line":3},"1":{"name":"(anonymous_1)","decl":{"start":{"line":10,"column":4},"end":{"line":10,"column":5}},"loc":{"start":{"line":10,"column":29},"end":{"line":15,"column":5}},"line":10}},"branchMap":{},"s":{"0":2,"1":2,"2":2,"3":2,"4":2,"5":2},"f":{"0":2,"1":2},"b":{},"_coverageSchema":"1a1c01bbd47fc00a2c39e90264f33305004495a9","hash":"97943a32a752c72779d9475f87419a35ee0865ea"}
,"C:\\Users\\IMRAN\\Documents\\HacktiPhase-Server\\forum\\models\\index.js": {"path":"C:\\Users\\IMRAN\\Documents\\HacktiPhase-Server\\forum\\models\\index.js","statementMap":{"0":{"start":{"line":3,"column":11},"end":{"line":3,"column":24}},"1":{"start":{"line":4,"column":13},"end":{"line":4,"column":28}},"2":{"start":{"line":5,"column":18},"end":{"line":5,"column":38}},"3":{"start":{"line":6,"column":16},"end":{"line":6,"column":34}},"4":{"start":{"line":7,"column":17},"end":{"line":7,"column":42}},"5":{"start":{"line":8,"column":12},"end":{"line":8,"column":49}},"6":{"start":{"line":9,"column":15},"end":{"line":9,"column":65}},"7":{"start":{"line":10,"column":11},"end":{"line":10,"column":13}},"8":{"start":{"line":13,"column":0},"end":{"line":17,"column":1}},"9":{"start":{"line":14,"column":2},"end":{"line":14,"column":74}},"10":{"start":{"line":16,"column":2},"end":{"line":16,"column":87}},"11":{"start":{"line":19,"column":0},"end":{"line":27,"column":5}},"12":{"start":{"line":22,"column":4},"end":{"line":22,"column":90}},"13":{"start":{"line":25,"column":18},"end":{"line":25,"column":85}},"14":{"start":{"line":26,"column":4},"end":{"line":26,"column":27}},"15":{"start":{"line":29,"column":0},"end":{"line":33,"column":3}},"16":{"start":{"line":30,"column":2},"end":{"line":32,"column":3}},"17":{"start":{"line":31,"column":4},"end":{"line":31,"column":32}},"18":{"start":{"line":35,"column":0},"end":{"line":35,"column":25}},"19":{"start":{"line":36,"column":0},"end":{"line":36,"column":25}},"20":{"start":{"line":38,"column":0},"end":{"line":38,"column":20}}},"fnMap":{"0":{"name":"(anonymous_0)","decl":{"start":{"line":21,"column":10},"end":{"line":21,"column":11}},"loc":{"start":{"line":21,"column":18},"end":{"line":23,"column":3}},"line":21},"1":{"name":"(anonymous_1)","decl":{"start":{"line":24,"column":11},"end":{"line":24,"column":12}},"loc":{"start":{"line":24,"column":19},"end":{"line":27,"column":3}},"line":24},"2":{"name":"(anonymous_2)","decl":{"start":{"line":29,"column":24},"end":{"line":29,"column":25}},"loc":{"start":{"line":29,"column":37},"end":{"line":33,"column":1}},"line":29}},"branchMap":{"0":{"loc":{"start":{"line":8,"column":12},"end":{"line":8,"column":49}},"type":"binary-expr","locations":[{"start":{"line":8,"column":12},"end":{"line":8,"column":32}},{"start":{"line":8,"column":36},"end":{"line":8,"column":49}}],"line":8},"1":{"loc":{"start":{"line":13,"column":0},"end":{"line":17,"column":1}},"type":"if","locations":[{"start":{"line":13,"column":0},"end":{"line":17,"column":1}},{"start":{"line":15,"column":7},"end":{"line":17,"column":1}}],"line":13},"2":{"loc":{"start":{"line":22,"column":11},"end":{"line":22,"column":89}},"type":"binary-expr","locations":[{"start":{"line":22,"column":12},"end":{"line":22,"column":35}},{"start":{"line":22,"column":41},"end":{"line":22,"column":58}},{"start":{"line":22,"column":64},"end":{"line":22,"column":88}}],"line":22},"3":{"loc":{"start":{"line":30,"column":2},"end":{"line":32,"column":3}},"type":"if","locations":[{"start":{"line":30,"column":2},"end":{"line":32,"column":3}},{"start":{},"end":{}}],"line":30}},"s":{"0":2,"1":2,"2":2,"3":2,"4":2,"5":2,"6":2,"7":2,"8":2,"9":0,"10":2,"11":2,"12":8,"13":6,"14":6,"15":2,"16":6,"17":6,"18":2,"19":2,"20":2},"f":{"0":8,"1":6,"2":6},"b":{"0":[2,0],"1":[0,2],"2":[8,8,6],"3":[6,0]},"_coverageSchema":"1a1c01bbd47fc00a2c39e90264f33305004495a9","hash":"3f317088126bb3310e7ed2280b05fa925e1566ed"}
,"C:\\Users\\IMRAN\\Documents\\HacktiPhase-Server\\forum\\models\\thread.js": {"path":"C:\\Users\\IMRAN\\Documents\\HacktiPhase-Server\\forum\\models\\thread.js","statementMap":{"0":{"start":{"line":2,"column":18},"end":{"line":2,"column":38}},"1":{"start":{"line":3,"column":0},"end":{"line":28,"column":2}},"2":{"start":{"line":11,"column":6},"end":{"line":11,"column":37}},"3":{"start":{"line":12,"column":6},"end":{"line":12,"column":36}},"4":{"start":{"line":16,"column":2},"end":{"line":26,"column":4}},"5":{"start":{"line":27,"column":2},"end":{"line":27,"column":16}}},"fnMap":{"0":{"name":"(anonymous_0)","decl":{"start":{"line":3,"column":17},"end":{"line":3,"column":18}},"loc":{"start":{"line":3,"column":43},"end":{"line":28,"column":1}},"line":3},"1":{"name":"(anonymous_1)","decl":{"start":{"line":10,"column":4},"end":{"line":10,"column":5}},"loc":{"start":{"line":10,"column":29},"end":{"line":14,"column":5}},"line":10}},"branchMap":{},"s":{"0":2,"1":2,"2":2,"3":2,"4":2,"5":2},"f":{"0":2,"1":2},"b":{},"_coverageSchema":"1a1c01bbd47fc00a2c39e90264f33305004495a9","hash":"0cf4d9243e9cd4ce213363acc506b3e80871214b"}
,"C:\\Users\\IMRAN\\Documents\\HacktiPhase-Server\\forum\\models\\user.js": {"path":"C:\\Users\\IMRAN\\Documents\\HacktiPhase-Server\\forum\\models\\user.js","statementMap":{"0":{"start":{"line":2,"column":18},"end":{"line":2,"column":38}},"1":{"start":{"line":3,"column":0},"end":{"line":86,"column":2}},"2":{"start":{"line":11,"column":6},"end":{"line":11,"column":34}},"3":{"start":{"line":12,"column":6},"end":{"line":12,"column":35}},"4":{"start":{"line":16,"column":2},"end":{"line":84,"column":4}},"5":{"start":{"line":85,"column":2},"end":{"line":85,"column":14}}},"fnMap":{"0":{"name":"(anonymous_0)","decl":{"start":{"line":3,"column":17},"end":{"line":3,"column":18}},"loc":{"start":{"line":3,"column":43},"end":{"line":86,"column":1}},"line":3},"1":{"name":"(anonymous_1)","decl":{"start":{"line":10,"column":4},"end":{"line":10,"column":5}},"loc":{"start":{"line":10,"column":29},"end":{"line":14,"column":5}},"line":10}},"branchMap":{},"s":{"0":2,"1":2,"2":2,"3":2,"4":2,"5":2},"f":{"0":2,"1":2},"b":{},"_coverageSchema":"1a1c01bbd47fc00a2c39e90264f33305004495a9","hash":"4a4c7f73da06db8538ccc0b7da5ce9540ca3274b"}
,"C:\\Users\\IMRAN\\Documents\\HacktiPhase-Server\\forum\\routers\\comment.js": {"path":"C:\\Users\\IMRAN\\Documents\\HacktiPhase-Server\\forum\\routers\\comment.js","statementMap":{"0":{"start":{"line":1,"column":19},"end":{"line":1,"column":62}},"1":{"start":{"line":2,"column":15},"end":{"line":2,"column":42}},"2":{"start":{"line":4,"column":0},"end":{"line":4,"column":43}},"3":{"start":{"line":5,"column":0},"end":{"line":5,"column":42}},"4":{"start":{"line":6,"column":0},"end":{"line":6,"column":48}},"5":{"start":{"line":7,"column":0},"end":{"line":7,"column":48}},"6":{"start":{"line":8,"column":0},"end":{"line":8,"column":45}},"7":{"start":{"line":10,"column":0},"end":{"line":10,"column":24}}},"fnMap":{},"branchMap":{},"s":{"0":2,"1":2,"2":2,"3":2,"4":2,"5":2,"6":2,"7":2},"f":{},"b":{},"_coverageSchema":"1a1c01bbd47fc00a2c39e90264f33305004495a9","hash":"0477e1872d98901f9c76944dc92a2a6b33d43095"}
,"C:\\Users\\IMRAN\\Documents\\HacktiPhase-Server\\forum\\routers\\thread.js": {"path":"C:\\Users\\IMRAN\\Documents\\HacktiPhase-Server\\forum\\routers\\thread.js","statementMap":{"0":{"start":{"line":1,"column":15},"end":{"line":1,"column":42}},"1":{"start":{"line":2,"column":25},"end":{"line":2,"column":67}},"2":{"start":{"line":4,"column":0},"end":{"line":4,"column":47}},"3":{"start":{"line":5,"column":0},"end":{"line":5,"column":48}},"4":{"start":{"line":6,"column":0},"end":{"line":6,"column":53}},"5":{"start":{"line":7,"column":0},"end":{"line":7,"column":53}},"6":{"start":{"line":8,"column":0},"end":{"line":8,"column":50}},"7":{"start":{"line":10,"column":0},"end":{"line":10,"column":24}}},"fnMap":{},"branchMap":{},"s":{"0":2,"1":2,"2":2,"3":2,"4":2,"5":2,"6":2,"7":2},"f":{},"b":{},"_coverageSchema":"1a1c01bbd47fc00a2c39e90264f33305004495a9","hash":"100811c85656aa0ee3db840d6c177c463e7811f9"}
}
