TN:
SF:app.js
FNF:0
FNH:0
DA:1,1
DA:2,1
DA:3,1
DA:4,1
DA:5,1
DA:6,1
DA:7,1
DA:9,1
DA:10,1
DA:11,1
DA:13,1
DA:14,1
DA:15,1
DA:19,1
LF:14
LH:14
BRF:0
BRH:0
end_of_record
TN:
SF:controllers\commentController.js
FN:4,(anonymous_0)
FN:23,(anonymous_1)
FN:37,(anonymous_2)
FN:52,(anonymous_3)
FN:76,(anonymous_4)
FNF:5
FNH:5
FNDA:2,(anonymous_0)
FNDA:1,(anonymous_1)
FNDA:2,(anonymous_2)
FNDA:2,(anonymous_3)
FNDA:2,(anonymous_4)
DA:1,1
DA:5,2
DA:6,2
DA:8,2
DA:10,2
DA:11,2
DA:14,0
DA:16,0
DA:18,2
DA:19,2
DA:24,1
DA:25,1
DA:27,1
DA:28,0
DA:31,1
DA:33,0
DA:38,2
DA:39,2
DA:41,2
DA:43,2
DA:44,1
DA:46,1
DA:48,1
DA:53,2
DA:54,2
DA:56,2
DA:58,2
DA:59,1
DA:62,1
DA:68,1
DA:72,1
DA:77,2
DA:78,2
DA:80,2
DA:82,2
DA:84,2
DA:85,2
DA:88,0
DA:90,0
DA:94,2
DA:99,1
LF:41
LH:35
BRDA:10,0,0,2
BRDA:10,0,1,0
BRDA:27,1,0,0
BRDA:27,1,1,1
BRDA:43,2,0,1
BRDA:43,2,1,1
BRDA:58,3,0,1
BRDA:58,3,1,1
BRDA:84,4,0,2
BRDA:84,4,1,0
BRF:10
BRH:7
end_of_record
TN:
SF:controllers\threadController.js
FN:4,(anonymous_0)
FN:18,(anonymous_1)
FN:29,(anonymous_2)
FN:45,(anonymous_3)
FN:69,(anonymous_4)
FNF:5
FNH:5
FNDA:1,(anonymous_0)
FNDA:1,(anonymous_1)
FNDA:2,(anonymous_2)
FNDA:2,(anonymous_3)
FNDA:2,(anonymous_4)
DA:1,1
DA:5,1
DA:6,1
DA:8,1
DA:9,0
DA:12,1
DA:14,0
DA:19,1
DA:20,1
DA:22,1
DA:23,1
DA:25,0
DA:30,2
DA:31,2
DA:33,2
DA:35,2
DA:36,1
DA:39,1
DA:41,1
DA:46,2
DA:47,2
DA:49,2
DA:51,2
DA:52,1
DA:55,1
DA:61,1
DA:65,1
DA:70,2
DA:71,2
DA:72,2
DA:74,2
DA:76,2
DA:77,1
DA:80,1
DA:92,1
DA:96,1
DA:101,1
LF:37
LH:34
BRDA:8,0,0,0
BRDA:8,0,1,1
BRDA:35,1,0,1
BRDA:35,1,1,1
BRDA:51,2,0,1
BRDA:51,2,1,1
BRDA:76,3,0,1
BRDA:76,3,1,1
BRF:8
BRH:7
end_of_record
TN:
SF:middlewares\errorHandler.js
FN:1,(anonymous_0)
FNF:1
FNH:1
FNDA:9,(anonymous_0)
DA:1,1
DA:2,9
DA:3,9
DA:15,9
DA:16,9
DA:17,9
DA:19,9
LF:7
LH:7
BRDA:15,0,0,9
BRDA:15,0,1,0
BRF:2
BRH:1
end_of_record
TN:
SF:models\comment.js
FN:3,(anonymous_0)
FN:10,(anonymous_1)
FNF:2
FNH:2
FNDA:1,(anonymous_0)
FNDA:1,(anonymous_1)
DA:2,1
DA:3,1
DA:12,1
DA:15,1
DA:34,1
LF:5
LH:5
BRF:0
BRH:0
end_of_record
TN:
SF:models\index.js
FN:21,(anonymous_0)
FN:24,(anonymous_1)
FN:29,(anonymous_2)
FNF:3
FNH:3
FNDA:3,(anonymous_0)
FNDA:2,(anonymous_1)
FNDA:2,(anonymous_2)
DA:3,1
DA:4,1
DA:5,1
DA:6,1
DA:7,1
DA:8,1
DA:9,1
DA:10,1
DA:13,1
DA:14,0
DA:16,1
DA:19,1
DA:22,3
DA:25,2
DA:26,2
DA:29,1
DA:30,2
DA:31,2
DA:35,1
DA:36,1
DA:38,1
LF:21
LH:20
BRDA:8,0,0,1
BRDA:8,0,1,0
BRDA:13,1,0,0
BRDA:13,1,1,1
BRDA:22,2,0,3
BRDA:22,2,1,3
BRDA:22,2,2,2
BRDA:30,3,0,2
BRDA:30,3,1,0
BRF:9
BRH:6
end_of_record
TN:
SF:models\thread.js
FN:3,(anonymous_0)
FN:10,(anonymous_1)
FNF:2
FNH:2
FNDA:1,(anonymous_0)
FNDA:1,(anonymous_1)
DA:2,1
DA:3,1
DA:12,1
DA:15,1
DA:26,1
LF:5
LH:5
BRF:0
BRH:0
end_of_record
TN:
SF:routers\comment.js
FNF:0
FNH:0
DA:1,1
DA:2,1
DA:4,1
DA:5,1
DA:6,1
DA:7,1
DA:8,1
DA:10,1
LF:8
LH:8
BRF:0
BRH:0
end_of_record
TN:
SF:routers\thread.js
FNF:0
FNH:0
DA:1,1
DA:2,1
DA:4,1
DA:5,1
DA:6,1
DA:7,1
DA:8,1
DA:10,1
LF:8
LH:8
BRF:0
BRH:0
end_of_record
