TN:
SF:app.js
FNF:0
FNH:0
DA:1,2
DA:3,2
DA:4,2
DA:5,2
DA:6,2
DA:7,2
DA:8,2
DA:9,2
DA:10,2
DA:12,2
DA:13,2
DA:14,2
DA:15,2
DA:16,2
DA:17,2
DA:18,2
DA:22,2
LF:17
LH:17
BRF:0
BRH:0
end_of_record
TN:
SF:controllers\commentController.js
FN:4,(anonymous_0)
FN:14,(anonymous_1)
FN:38,(anonymous_2)
FN:53,(anonymous_3)
FN:77,(anonymous_4)
FNF:5
FNH:5
FNDA:1,(anonymous_0)
FNDA:2,(anonymous_1)
FNDA:2,(anonymous_2)
FNDA:2,(anonymous_3)
FNDA:2,(anonymous_4)
DA:1,2
DA:5,1
DA:6,1
DA:8,1
DA:10,0
DA:15,2
DA:16,2
DA:17,2
DA:18,2
DA:25,2
DA:26,1
DA:29,1
DA:31,1
DA:33,1
DA:34,1
DA:39,2
DA:40,2
DA:42,2
DA:44,2
DA:45,1
DA:47,1
DA:49,1
DA:54,2
DA:55,2
DA:57,2
DA:59,2
DA:60,1
DA:63,1
DA:69,1
DA:73,1
DA:78,2
DA:79,2
DA:81,2
DA:83,2
DA:85,2
DA:86,1
DA:89,1
DA:91,1
DA:95,1
DA:100,2
LF:40
LH:39
BRDA:25,0,0,1
BRDA:25,0,1,1
BRDA:44,1,0,1
BRDA:44,1,1,1
BRDA:59,2,0,1
BRDA:59,2,1,1
BRDA:85,3,0,1
BRDA:85,3,1,1
BRF:8
BRH:8
end_of_record
TN:
SF:controllers\threadController.js
FN:4,(anonymous_0)
FN:17,(anonymous_1)
FN:29,(anonymous_2)
FN:47,(anonymous_3)
FN:71,(anonymous_4)
FNF:5
FNH:5
FNDA:1,(anonymous_0)
FNDA:1,(anonymous_1)
FNDA:2,(anonymous_2)
FNDA:2,(anonymous_3)
FNDA:2,(anonymous_4)
DA:1,2
DA:5,1
DA:6,1
DA:11,1
DA:13,0
DA:18,1
DA:19,1
DA:20,1
DA:21,1
DA:23,1
DA:25,0
DA:30,2
DA:31,2
DA:33,2
DA:37,2
DA:38,1
DA:41,1
DA:43,1
DA:48,2
DA:49,2
DA:51,2
DA:53,2
DA:54,1
DA:57,1
DA:63,1
DA:67,1
DA:72,2
DA:73,2
DA:74,2
DA:76,2
DA:78,2
DA:79,1
DA:82,1
DA:94,1
DA:98,1
DA:103,2
LF:36
LH:34
BRDA:37,0,0,1
BRDA:37,0,1,1
BRDA:53,1,0,1
BRDA:53,1,1,1
BRDA:78,2,0,1
BRDA:78,2,1,1
BRF:6
BRH:6
end_of_record
TN:
SF:helpers\helpers.js
FN:3,(anonymous_0)
FN:5,(anonymous_1)
FNF:2
FNH:2
FNDA:2,(anonymous_0)
FNDA:27,(anonymous_1)
DA:1,2
DA:3,2
DA:5,2
DA:6,27
DA:7,17
DA:10,2
LF:6
LH:6
BRF:0
BRH:0
end_of_record
TN:
SF:middlewares\auth.js
FN:4,auth
FNF:1
FNH:1
FNDA:27,auth
DA:1,2
DA:2,2
DA:5,27
DA:6,27
DA:7,27
DA:8,17
DA:13,17
DA:14,17
DA:16,10
DA:19,2
LF:10
LH:10
BRF:0
BRH:0
end_of_record
TN:
SF:middlewares\errorHandler.js
FN:1,(anonymous_0)
FNF:1
FNH:1
FNDA:17,(anonymous_0)
DA:1,2
DA:2,17
DA:3,17
DA:15,17
DA:16,7
DA:17,7
DA:18,10
DA:19,10
DA:20,10
DA:22,17
LF:10
LH:10
BRDA:15,0,0,7
BRDA:15,0,1,10
BRDA:18,1,0,10
BRDA:18,1,1,0
BRF:4
BRH:3
end_of_record
TN:
SF:models\comment.js
FN:3,(anonymous_0)
FN:10,(anonymous_1)
FNF:2
FNH:2
FNDA:2,(anonymous_0)
FNDA:2,(anonymous_1)
DA:2,2
DA:3,2
DA:12,2
DA:13,2
DA:17,2
DA:36,2
LF:6
LH:6
BRF:0
BRH:0
end_of_record
TN:
SF:models\index.js
FN:21,(anonymous_0)
FN:24,(anonymous_1)
FN:29,(anonymous_2)
FNF:3
FNH:3
FNDA:8,(anonymous_0)
FNDA:6,(anonymous_1)
FNDA:6,(anonymous_2)
DA:3,2
DA:4,2
DA:5,2
DA:6,2
DA:7,2
DA:8,2
DA:9,2
DA:10,2
DA:13,2
DA:14,0
DA:16,2
DA:19,2
DA:22,8
DA:25,6
DA:26,6
DA:29,2
DA:30,6
DA:31,6
DA:35,2
DA:36,2
DA:38,2
LF:21
LH:20
BRDA:8,0,0,2
BRDA:8,0,1,0
BRDA:13,1,0,0
BRDA:13,1,1,2
BRDA:22,2,0,8
BRDA:22,2,1,8
BRDA:22,2,2,6
BRDA:30,3,0,6
BRDA:30,3,1,0
BRF:9
BRH:6
end_of_record
TN:
SF:models\thread.js
FN:3,(anonymous_0)
FN:10,(anonymous_1)
FNF:2
FNH:2
FNDA:2,(anonymous_0)
FNDA:2,(anonymous_1)
DA:2,2
DA:3,2
DA:11,2
DA:12,2
DA:16,2
DA:27,2
LF:6
LH:6
BRF:0
BRH:0
end_of_record
TN:
SF:models\user.js
FN:3,(anonymous_0)
FN:10,(anonymous_1)
FNF:2
FNH:2
FNDA:2,(anonymous_0)
FNDA:2,(anonymous_1)
DA:2,2
DA:3,2
DA:11,2
DA:12,2
DA:16,2
DA:85,2
LF:6
LH:6
BRF:0
BRH:0
end_of_record
TN:
SF:routers\comment.js
FNF:0
FNH:0
DA:1,2
DA:2,2
DA:4,2
DA:5,2
DA:6,2
DA:7,2
DA:8,2
DA:10,2
LF:8
LH:8
BRF:0
BRH:0
end_of_record
TN:
SF:routers\thread.js
FNF:0
FNH:0
DA:1,2
DA:2,2
DA:4,2
DA:5,2
DA:6,2
DA:7,2
DA:8,2
DA:10,2
LF:8
LH:8
BRF:0
BRH:0
end_of_record
