{"F:\\Github\\Phase3\\HacktiPhase-Server\\user\\app.js": {"path":"F:\\Github\\Phase3\\HacktiPhase-Server\\user\\app.js","statementMap":{"0":{"start":{"line":1,"column":0},"end":{"line":1,"column":27}},"1":{"start":{"line":2,"column":16},"end":{"line":2,"column":34}},"2":{"start":{"line":3,"column":12},"end":{"line":3,"column":21}},"3":{"start":{"line":4,"column":13},"end":{"line":4,"column":28}},"4":{"start":{"line":5,"column":15},"end":{"line":5,"column":35}},"5":{"start":{"line":7,"column":0},"end":{"line":7,"column":24}},"6":{"start":{"line":8,"column":0},"end":{"line":8,"column":48}},"7":{"start":{"line":9,"column":0},"end":{"line":9,"column":16}},"8":{"start":{"line":10,"column":0},"end":{"line":10,"column":21}},"9":{"start":{"line":12,"column":0},"end":{"line":12,"column":21}}},"fnMap":{},"branchMap":{},"s":{"0":1,"1":1,"2":1,"3":1,"4":1,"5":1,"6":1,"7":1,"8":1,"9":1},"f":{},"b":{},"_coverageSchema":"1a1c01bbd47fc00a2c39e90264f33305004495a9","hash":"b8dec721448076d29e5e75b64e5fb56bb4655193"}
,"F:\\Github\\Phase3\\HacktiPhase-Server\\user\\controllers\\userController.js": {"path":"F:\\Github\\Phase3\\HacktiPhase-Server\\user\\controllers\\userController.js","statementMap":{"0":{"start":{"line":1,"column":58},"end":{"line":1,"column":85}},"1":{"start":{"line":2,"column":17},"end":{"line":2,"column":37}},"2":{"start":{"line":6,"column":4},"end":{"line":20,"column":5}},"3":{"start":{"line":7,"column":84},"end":{"line":7,"column":92}},"4":{"start":{"line":8,"column":22},"end":{"line":16,"column":8}},"5":{"start":{"line":17,"column":6},"end":{"line":17,"column":36}},"6":{"start":{"line":19,"column":6},"end":{"line":19,"column":18}},"7":{"start":{"line":23,"column":4},"end":{"line":51,"column":5}},"8":{"start":{"line":24,"column":34},"end":{"line":24,"column":42}},"9":{"start":{"line":25,"column":6},"end":{"line":27,"column":7}},"10":{"start":{"line":26,"column":8},"end":{"line":26,"column":41}},"11":{"start":{"line":28,"column":6},"end":{"line":30,"column":7}},"12":{"start":{"line":29,"column":8},"end":{"line":29,"column":44}},"13":{"start":{"line":31,"column":24},"end":{"line":31,"column":64}},"14":{"start":{"line":32,"column":6},"end":{"line":34,"column":7}},"15":{"start":{"line":33,"column":8},"end":{"line":33,"column":45}},"16":{"start":{"line":35,"column":28},"end":{"line":35,"column":73}},"17":{"start":{"line":36,"column":6},"end":{"line":38,"column":7}},"18":{"start":{"line":37,"column":8},"end":{"line":37,"column":45}},"19":{"start":{"line":40,"column":22},"end":{"line":42,"column":7}},"20":{"start":{"line":44,"column":27},"end":{"line":44,"column":50}},"21":{"start":{"line":45,"column":6},"end":{"line":48,"column":9}},"22":{"start":{"line":50,"column":6},"end":{"line":50,"column":18}},"23":{"start":{"line":54,"column":4},"end":{"line":59,"column":5}},"24":{"start":{"line":55,"column":20},"end":{"line":55,"column":40}},"25":{"start":{"line":56,"column":6},"end":{"line":56,"column":34}},"26":{"start":{"line":58,"column":6},"end":{"line":58,"column":18}},"27":{"start":{"line":62,"column":4},"end":{"line":69,"column":5}},"28":{"start":{"line":63,"column":21},"end":{"line":63,"column":31}},"29":{"start":{"line":64,"column":19},"end":{"line":64,"column":42}},"30":{"start":{"line":65,"column":6},"end":{"line":65,"column":39}},"31":{"start":{"line":65,"column":17},"end":{"line":65,"column":39}},"32":{"start":{"line":66,"column":6},"end":{"line":66,"column":33}},"33":{"start":{"line":68,"column":6},"end":{"line":68,"column":18}},"34":{"start":{"line":72,"column":4},"end":{"line":80,"column":5}},"35":{"start":{"line":73,"column":21},"end":{"line":73,"column":31}},"36":{"start":{"line":74,"column":82},"end":{"line":74,"column":90}},"37":{"start":{"line":75,"column":6},"end":{"line":75,"column":40}},"38":{"start":{"line":76,"column":25},"end":{"line":76,"column":132}},"39":{"start":{"line":77,"column":6},"end":{"line":77,"column":79}},"40":{"start":{"line":79,"column":6},"end":{"line":79,"column":18}},"41":{"start":{"line":83,"column":4},"end":{"line":90,"column":5}},"42":{"start":{"line":84,"column":21},"end":{"line":84,"column":31}},"43":{"start":{"line":85,"column":25},"end":{"line":85,"column":33}},"44":{"start":{"line":86,"column":25},"end":{"line":86,"column":73}},"45":{"start":{"line":87,"column":6},"end":{"line":87,"column":86}},"46":{"start":{"line":89,"column":6},"end":{"line":89,"column":18}},"47":{"start":{"line":93,"column":4},"end":{"line":99,"column":5}},"48":{"start":{"line":94,"column":21},"end":{"line":94,"column":31}},"49":{"start":{"line":95,"column":26},"end":{"line":95,"column":63}},"50":{"start":{"line":96,"column":6},"end":{"line":96,"column":66}},"51":{"start":{"line":98,"column":6},"end":{"line":98,"column":18}},"52":{"start":{"line":103,"column":0},"end":{"line":103,"column":32}}},"fnMap":{"0":{"name":"(anonymous_0)","decl":{"start":{"line":5,"column":2},"end":{"line":5,"column":3}},"loc":{"start":{"line":5,"column":40},"end":{"line":21,"column":3}},"line":5},"1":{"name":"(anonymous_1)","decl":{"start":{"line":22,"column":2},"end":{"line":22,"column":3}},"loc":{"start":{"line":22,"column":37},"end":{"line":52,"column":3}},"line":22},"2":{"name":"(anonymous_2)","decl":{"start":{"line":53,"column":2},"end":{"line":53,"column":3}},"loc":{"start":{"line":53,"column":40},"end":{"line":60,"column":3}},"line":53},"3":{"name":"(anonymous_3)","decl":{"start":{"line":61,"column":2},"end":{"line":61,"column":3}},"loc":{"start":{"line":61,"column":43},"end":{"line":70,"column":3}},"line":61},"4":{"name":"(anonymous_4)","decl":{"start":{"line":71,"column":2},"end":{"line":71,"column":3}},"loc":{"start":{"line":71,"column":40},"end":{"line":81,"column":3}},"line":71},"5":{"name":"(anonymous_5)","decl":{"start":{"line":82,"column":2},"end":{"line":82,"column":3}},"loc":{"start":{"line":82,"column":46},"end":{"line":91,"column":3}},"line":82},"6":{"name":"(anonymous_6)","decl":{"start":{"line":92,"column":2},"end":{"line":92,"column":3}},"loc":{"start":{"line":92,"column":42},"end":{"line":100,"column":3}},"line":92}},"branchMap":{"0":{"loc":{"start":{"line":25,"column":6},"end":{"line":27,"column":7}},"type":"if","locations":[{"start":{"line":25,"column":6},"end":{"line":27,"column":7}},{"start":{},"end":{}}],"line":25},"1":{"loc":{"start":{"line":28,"column":6},"end":{"line":30,"column":7}},"type":"if","locations":[{"start":{"line":28,"column":6},"end":{"line":30,"column":7}},{"start":{},"end":{}}],"line":28},"2":{"loc":{"start":{"line":32,"column":6},"end":{"line":34,"column":7}},"type":"if","locations":[{"start":{"line":32,"column":6},"end":{"line":34,"column":7}},{"start":{},"end":{}}],"line":32},"3":{"loc":{"start":{"line":36,"column":6},"end":{"line":38,"column":7}},"type":"if","locations":[{"start":{"line":36,"column":6},"end":{"line":38,"column":7}},{"start":{},"end":{}}],"line":36},"4":{"loc":{"start":{"line":65,"column":6},"end":{"line":65,"column":39}},"type":"if","locations":[{"start":{"line":65,"column":6},"end":{"line":65,"column":39}},{"start":{},"end":{}}],"line":65}},"s":{"0":1,"1":1,"2":7,"3":7,"4":7,"5":1,"6":6,"7":4,"8":4,"9":4,"10":1,"11":3,"12":1,"13":2,"14":2,"15":1,"16":1,"17":1,"18":0,"19":1,"20":1,"21":1,"22":3,"23":1,"24":1,"25":1,"26":0,"27":2,"28":2,"29":2,"30":2,"31":1,"32":1,"33":1,"34":2,"35":2,"36":2,"37":2,"38":1,"39":1,"40":1,"41":1,"42":1,"43":1,"44":1,"45":1,"46":0,"47":1,"48":1,"49":1,"50":1,"51":0,"52":1},"f":{"0":7,"1":4,"2":1,"3":2,"4":2,"5":1,"6":1},"b":{"0":[1,3],"1":[1,2],"2":[1,1],"3":[0,1],"4":[1,1]},"_coverageSchema":"1a1c01bbd47fc00a2c39e90264f33305004495a9","hash":"0c233312eb4cd6871d5ad5837a6fe4cf14030011"}
,"F:\\Github\\Phase3\\HacktiPhase-Server\\user\\helper\\helper.js": {"path":"F:\\Github\\Phase3\\HacktiPhase-Server\\user\\helper\\helper.js","statementMap":{"0":{"start":{"line":1,"column":15},"end":{"line":1,"column":34}},"1":{"start":{"line":2,"column":12},"end":{"line":2,"column":35}},"2":{"start":{"line":4,"column":21},"end":{"line":4,"column":60}},"3":{"start":{"line":4,"column":35},"end":{"line":4,"column":60}},"4":{"start":{"line":5,"column":24},"end":{"line":6,"column":39}},"5":{"start":{"line":6,"column":2},"end":{"line":6,"column":39}},"6":{"start":{"line":8,"column":23},"end":{"line":8,"column":79}},"7":{"start":{"line":8,"column":36},"end":{"line":8,"column":79}},"8":{"start":{"line":9,"column":23},"end":{"line":9,"column":77}},"9":{"start":{"line":9,"column":34},"end":{"line":9,"column":77}},"10":{"start":{"line":11,"column":0},"end":{"line":16,"column":2}}},"fnMap":{"0":{"name":"(anonymous_0)","decl":{"start":{"line":4,"column":21},"end":{"line":4,"column":22}},"loc":{"start":{"line":4,"column":35},"end":{"line":4,"column":60}},"line":4},"1":{"name":"(anonymous_1)","decl":{"start":{"line":5,"column":24},"end":{"line":5,"column":25}},"loc":{"start":{"line":6,"column":2},"end":{"line":6,"column":39}},"line":6},"2":{"name":"(anonymous_2)","decl":{"start":{"line":8,"column":23},"end":{"line":8,"column":24}},"loc":{"start":{"line":8,"column":36},"end":{"line":8,"column":79}},"line":8},"3":{"name":"(anonymous_3)","decl":{"start":{"line":9,"column":23},"end":{"line":9,"column":24}},"loc":{"start":{"line":9,"column":34},"end":{"line":9,"column":77}},"line":9}},"branchMap":{},"s":{"0":1,"1":1,"2":1,"3":5,"4":1,"5":1,"6":1,"7":1,"8":1,"9":13,"10":1},"f":{"0":5,"1":1,"2":1,"3":13},"b":{},"_coverageSchema":"1a1c01bbd47fc00a2c39e90264f33305004495a9","hash":"8f2fa6b76d0740320264b9f408f551d951310463"}
,"F:\\Github\\Phase3\\HacktiPhase-Server\\user\\middlewares\\authn.js": {"path":"F:\\Github\\Phase3\\HacktiPhase-Server\\user\\middlewares\\authn.js","statementMap":{"0":{"start":{"line":1,"column":17},"end":{"line":1,"column":37}},"1":{"start":{"line":2,"column":27},"end":{"line":2,"column":54}},"2":{"start":{"line":4,"column":14},"end":{"line":25,"column":1}},"3":{"start":{"line":5,"column":2},"end":{"line":24,"column":3}},"4":{"start":{"line":6,"column":29},"end":{"line":6,"column":40}},"5":{"start":{"line":7,"column":4},"end":{"line":9,"column":5}},"6":{"start":{"line":8,"column":6},"end":{"line":8,"column":28}},"7":{"start":{"line":11,"column":20},"end":{"line":11,"column":48}},"8":{"start":{"line":12,"column":22},"end":{"line":12,"column":53}},"9":{"start":{"line":13,"column":4},"end":{"line":15,"column":5}},"10":{"start":{"line":14,"column":6},"end":{"line":14,"column":28}},"11":{"start":{"line":17,"column":4},"end":{"line":19,"column":6}},"12":{"start":{"line":21,"column":4},"end":{"line":21,"column":11}},"13":{"start":{"line":23,"column":4},"end":{"line":23,"column":16}},"14":{"start":{"line":27,"column":0},"end":{"line":27,"column":23}}},"fnMap":{"0":{"name":"(anonymous_0)","decl":{"start":{"line":4,"column":14},"end":{"line":4,"column":15}},"loc":{"start":{"line":4,"column":40},"end":{"line":25,"column":1}},"line":4}},"branchMap":{"0":{"loc":{"start":{"line":7,"column":4},"end":{"line":9,"column":5}},"type":"if","locations":[{"start":{"line":7,"column":4},"end":{"line":9,"column":5}},{"start":{},"end":{}}],"line":7},"1":{"loc":{"start":{"line":13,"column":4},"end":{"line":15,"column":5}},"type":"if","locations":[{"start":{"line":13,"column":4},"end":{"line":15,"column":5}},{"start":{},"end":{}}],"line":13}},"s":{"0":1,"1":1,"2":1,"3":15,"4":15,"5":15,"6":2,"7":13,"8":8,"9":8,"10":1,"11":7,"12":7,"13":8,"14":1},"f":{"0":15},"b":{"0":[2,13],"1":[1,7]},"_coverageSchema":"1a1c01bbd47fc00a2c39e90264f33305004495a9","hash":"90bf02212f757937bccbf5efeb15fdd2d671b99b"}
,"F:\\Github\\Phase3\\HacktiPhase-Server\\user\\middlewares\\errorHandler.js": {"path":"F:\\Github\\Phase3\\HacktiPhase-Server\\user\\middlewares\\errorHandler.js","statementMap":{"0":{"start":{"line":1,"column":21},"end":{"line":35,"column":1}},"1":{"start":{"line":2,"column":2},"end":{"line":2,"column":19}},"2":{"start":{"line":3,"column":13},"end":{"line":3,"column":16}},"3":{"start":{"line":4,"column":12},"end":{"line":4,"column":35}},"4":{"start":{"line":6,"column":2},"end":{"line":30,"column":3}},"5":{"start":{"line":7,"column":4},"end":{"line":7,"column":15}},"6":{"start":{"line":8,"column":4},"end":{"line":8,"column":26}},"7":{"start":{"line":12,"column":9},"end":{"line":30,"column":3}},"8":{"start":{"line":13,"column":4},"end":{"line":13,"column":15}},"9":{"start":{"line":14,"column":4},"end":{"line":14,"column":35}},"10":{"start":{"line":15,"column":9},"end":{"line":30,"column":3}},"11":{"start":{"line":16,"column":4},"end":{"line":16,"column":15}},"12":{"start":{"line":17,"column":4},"end":{"line":17,"column":32}},"13":{"start":{"line":18,"column":9},"end":{"line":30,"column":3}},"14":{"start":{"line":19,"column":4},"end":{"line":19,"column":15}},"15":{"start":{"line":20,"column":4},"end":{"line":20,"column":26}},"16":{"start":{"line":21,"column":9},"end":{"line":30,"column":3}},"17":{"start":{"line":22,"column":4},"end":{"line":22,"column":15}},"18":{"start":{"line":23,"column":4},"end":{"line":23,"column":22}},"19":{"start":{"line":24,"column":9},"end":{"line":30,"column":3}},"20":{"start":{"line":25,"column":4},"end":{"line":25,"column":15}},"21":{"start":{"line":26,"column":4},"end":{"line":26,"column":30}},"22":{"start":{"line":27,"column":9},"end":{"line":30,"column":3}},"23":{"start":{"line":28,"column":4},"end":{"line":28,"column":15}},"24":{"start":{"line":29,"column":4},"end":{"line":29,"column":33}},"25":{"start":{"line":32,"column":2},"end":{"line":34,"column":5}},"26":{"start":{"line":37,"column":0},"end":{"line":37,"column":30}}},"fnMap":{"0":{"name":"(anonymous_0)","decl":{"start":{"line":1,"column":21},"end":{"line":1,"column":22}},"loc":{"start":{"line":1,"column":52},"end":{"line":35,"column":1}},"line":1}},"branchMap":{"0":{"loc":{"start":{"line":6,"column":2},"end":{"line":30,"column":3}},"type":"if","locations":[{"start":{"line":6,"column":2},"end":{"line":30,"column":3}},{"start":{"line":12,"column":9},"end":{"line":30,"column":3}}],"line":6},"1":{"loc":{"start":{"line":12,"column":9},"end":{"line":30,"column":3}},"type":"if","locations":[{"start":{"line":12,"column":9},"end":{"line":30,"column":3}},{"start":{"line":15,"column":9},"end":{"line":30,"column":3}}],"line":12},"2":{"loc":{"start":{"line":15,"column":9},"end":{"line":30,"column":3}},"type":"if","locations":[{"start":{"line":15,"column":9},"end":{"line":30,"column":3}},{"start":{"line":18,"column":9},"end":{"line":30,"column":3}}],"line":15},"3":{"loc":{"start":{"line":15,"column":13},"end":{"line":15,"column":101}},"type":"binary-expr","locations":[{"start":{"line":15,"column":13},"end":{"line":15,"column":52}},{"start":{"line":15,"column":56},"end":{"line":15,"column":101}}],"line":15},"4":{"loc":{"start":{"line":18,"column":9},"end":{"line":30,"column":3}},"type":"if","locations":[{"start":{"line":18,"column":9},"end":{"line":30,"column":3}},{"start":{"line":21,"column":9},"end":{"line":30,"column":3}}],"line":18},"5":{"loc":{"start":{"line":21,"column":9},"end":{"line":30,"column":3}},"type":"if","locations":[{"start":{"line":21,"column":9},"end":{"line":30,"column":3}},{"start":{"line":24,"column":9},"end":{"line":30,"column":3}}],"line":21},"6":{"loc":{"start":{"line":24,"column":9},"end":{"line":30,"column":3}},"type":"if","locations":[{"start":{"line":24,"column":9},"end":{"line":30,"column":3}},{"start":{"line":27,"column":9},"end":{"line":30,"column":3}}],"line":24},"7":{"loc":{"start":{"line":27,"column":9},"end":{"line":30,"column":3}},"type":"if","locations":[{"start":{"line":27,"column":9},"end":{"line":30,"column":3}},{"start":{},"end":{}}],"line":27}},"s":{"0":1,"1":19,"2":19,"3":19,"4":19,"5":3,"6":3,"7":16,"8":1,"9":1,"10":15,"11":6,"12":6,"13":9,"14":5,"15":5,"16":4,"17":1,"18":1,"19":3,"20":1,"21":1,"22":2,"23":1,"24":1,"25":19,"26":1},"f":{"0":19},"b":{"0":[3,16],"1":[1,15],"2":[6,9],"3":[15,10],"4":[5,4],"5":[1,3],"6":[1,2],"7":[1,1]},"_coverageSchema":"1a1c01bbd47fc00a2c39e90264f33305004495a9","hash":"1443ccc00ef5cc388936d7834b8536ce88b36180"}
,"F:\\Github\\Phase3\\HacktiPhase-Server\\user\\models\\index.js": {"path":"F:\\Github\\Phase3\\HacktiPhase-Server\\user\\models\\index.js","statementMap":{"0":{"start":{"line":3,"column":11},"end":{"line":3,"column":24}},"1":{"start":{"line":4,"column":13},"end":{"line":4,"column":28}},"2":{"start":{"line":5,"column":18},"end":{"line":5,"column":38}},"3":{"start":{"line":6,"column":17},"end":{"line":6,"column":42}},"4":{"start":{"line":7,"column":12},"end":{"line":7,"column":49}},"5":{"start":{"line":8,"column":15},"end":{"line":8,"column":65}},"6":{"start":{"line":9,"column":11},"end":{"line":9,"column":13}},"7":{"start":{"line":12,"column":0},"end":{"line":16,"column":1}},"8":{"start":{"line":13,"column":2},"end":{"line":13,"column":74}},"9":{"start":{"line":15,"column":2},"end":{"line":15,"column":87}},"10":{"start":{"line":18,"column":0},"end":{"line":25,"column":5}},"11":{"start":{"line":20,"column":4},"end":{"line":20,"column":84}},"12":{"start":{"line":23,"column":18},"end":{"line":23,"column":85}},"13":{"start":{"line":24,"column":4},"end":{"line":24,"column":27}},"14":{"start":{"line":27,"column":0},"end":{"line":31,"column":3}},"15":{"start":{"line":28,"column":2},"end":{"line":30,"column":3}},"16":{"start":{"line":29,"column":4},"end":{"line":29,"column":32}},"17":{"start":{"line":33,"column":0},"end":{"line":33,"column":25}},"18":{"start":{"line":34,"column":0},"end":{"line":34,"column":25}},"19":{"start":{"line":36,"column":0},"end":{"line":36,"column":20}}},"fnMap":{"0":{"name":"(anonymous_0)","decl":{"start":{"line":19,"column":10},"end":{"line":19,"column":11}},"loc":{"start":{"line":19,"column":20},"end":{"line":21,"column":3}},"line":19},"1":{"name":"(anonymous_1)","decl":{"start":{"line":22,"column":11},"end":{"line":22,"column":12}},"loc":{"start":{"line":22,"column":21},"end":{"line":25,"column":3}},"line":22},"2":{"name":"(anonymous_2)","decl":{"start":{"line":27,"column":24},"end":{"line":27,"column":25}},"loc":{"start":{"line":27,"column":39},"end":{"line":31,"column":1}},"line":27}},"branchMap":{"0":{"loc":{"start":{"line":7,"column":12},"end":{"line":7,"column":49}},"type":"binary-expr","locations":[{"start":{"line":7,"column":12},"end":{"line":7,"column":32}},{"start":{"line":7,"column":36},"end":{"line":7,"column":49}}],"line":7},"1":{"loc":{"start":{"line":12,"column":0},"end":{"line":16,"column":1}},"type":"if","locations":[{"start":{"line":12,"column":0},"end":{"line":16,"column":1}},{"start":{"line":14,"column":7},"end":{"line":16,"column":1}}],"line":12},"2":{"loc":{"start":{"line":20,"column":11},"end":{"line":20,"column":83}},"type":"binary-expr","locations":[{"start":{"line":20,"column":11},"end":{"line":20,"column":34}},{"start":{"line":20,"column":38},"end":{"line":20,"column":55}},{"start":{"line":20,"column":59},"end":{"line":20,"column":83}}],"line":20},"3":{"loc":{"start":{"line":28,"column":2},"end":{"line":30,"column":3}},"type":"if","locations":[{"start":{"line":28,"column":2},"end":{"line":30,"column":3}},{"start":{},"end":{}}],"line":28}},"s":{"0":1,"1":1,"2":1,"3":1,"4":1,"5":1,"6":1,"7":1,"8":0,"9":1,"10":1,"11":2,"12":1,"13":1,"14":1,"15":1,"16":1,"17":1,"18":1,"19":1},"f":{"0":2,"1":1,"2":1},"b":{"0":[1,0],"1":[0,1],"2":[2,2,1],"3":[1,0]},"_coverageSchema":"1a1c01bbd47fc00a2c39e90264f33305004495a9","hash":"eca07836b951809047d38b67c36d2bdd0c1f53f4"}
,"F:\\Github\\Phase3\\HacktiPhase-Server\\user\\models\\user.js": {"path":"F:\\Github\\Phase3\\HacktiPhase-Server\\user\\models\\user.js","statementMap":{"0":{"start":{"line":2,"column":18},"end":{"line":2,"column":38}},"1":{"start":{"line":3,"column":25},"end":{"line":3,"column":52}},"2":{"start":{"line":4,"column":0},"end":{"line":108,"column":2}},"3":{"start":{"line":15,"column":2},"end":{"line":101,"column":4}},"4":{"start":{"line":103,"column":2},"end":{"line":105,"column":5}},"5":{"start":{"line":104,"column":4},"end":{"line":104,"column":56}},"6":{"start":{"line":107,"column":2},"end":{"line":107,"column":14}}},"fnMap":{"0":{"name":"(anonymous_0)","decl":{"start":{"line":4,"column":17},"end":{"line":4,"column":18}},"loc":{"start":{"line":4,"column":43},"end":{"line":108,"column":1}},"line":4},"1":{"name":"(anonymous_1)","decl":{"start":{"line":11,"column":4},"end":{"line":11,"column":5}},"loc":{"start":{"line":11,"column":29},"end":{"line":13,"column":5}},"line":11},"2":{"name":"(anonymous_2)","decl":{"start":{"line":103,"column":20},"end":{"line":103,"column":21}},"loc":{"start":{"line":103,"column":42},"end":{"line":105,"column":3}},"line":103}},"branchMap":{},"s":{"0":1,"1":1,"2":1,"3":1,"4":1,"5":3,"6":1},"f":{"0":1,"1":1,"2":3},"b":{},"_coverageSchema":"1a1c01bbd47fc00a2c39e90264f33305004495a9","hash":"48b335432fd448fe4b55aac3dafeba346f7a1a11"}
,"F:\\Github\\Phase3\\HacktiPhase-Server\\user\\routers\\index.js": {"path":"F:\\Github\\Phase3\\HacktiPhase-Server\\user\\routers\\index.js","statementMap":{"0":{"start":{"line":1,"column":15},"end":{"line":1,"column":42}},"1":{"start":{"line":2,"column":23},"end":{"line":2,"column":63}},"2":{"start":{"line":3,"column":14},"end":{"line":3,"column":45}},"3":{"start":{"line":4,"column":21},"end":{"line":4,"column":59}},"4":{"start":{"line":6,"column":0},"end":{"line":6,"column":50}},"5":{"start":{"line":7,"column":0},"end":{"line":7,"column":44}},"6":{"start":{"line":9,"column":0},"end":{"line":9,"column":18}},"7":{"start":{"line":11,"column":0},"end":{"line":11,"column":46}},"8":{"start":{"line":12,"column":0},"end":{"line":12,"column":53}},"9":{"start":{"line":13,"column":0},"end":{"line":13,"column":50}},"10":{"start":{"line":14,"column":0},"end":{"line":14,"column":58}},"11":{"start":{"line":15,"column":0},"end":{"line":15,"column":55}},"12":{"start":{"line":17,"column":0},"end":{"line":17,"column":25}},"13":{"start":{"line":19,"column":0},"end":{"line":19,"column":24}}},"fnMap":{},"branchMap":{},"s":{"0":1,"1":1,"2":1,"3":1,"4":1,"5":1,"6":1,"7":1,"8":1,"9":1,"10":1,"11":1,"12":1,"13":1},"f":{},"b":{},"_coverageSchema":"1a1c01bbd47fc00a2c39e90264f33305004495a9","hash":"ed5629d426d8bb04e251926041909199a16c61f3"}
}
