TN:
SF:app.js
FNF:0
FNH:0
DA:1,1
DA:2,1
DA:3,1
DA:4,1
DA:5,1
DA:7,1
DA:8,1
DA:9,1
DA:10,1
DA:12,1
LF:10
LH:10
BRF:0
BRH:0
end_of_record
TN:
SF:controllers\userController.js
FN:5,(anonymous_0)
FN:22,(anonymous_1)
FN:53,(anonymous_2)
FN:61,(anonymous_3)
FN:71,(anonymous_4)
FN:82,(anonymous_5)
FN:92,(anonymous_6)
FNF:7
FNH:7
FNDA:7,(anonymous_0)
FNDA:4,(anonymous_1)
FNDA:1,(anonymous_2)
FNDA:2,(anonymous_3)
FNDA:2,(anonymous_4)
FNDA:1,(anonymous_5)
FNDA:1,(anonymous_6)
DA:1,1
DA:2,1
DA:6,7
DA:7,7
DA:8,7
DA:17,1
DA:19,6
DA:23,4
DA:24,4
DA:25,4
DA:26,1
DA:28,3
DA:29,1
DA:31,2
DA:32,2
DA:33,1
DA:35,1
DA:36,1
DA:37,0
DA:40,1
DA:44,1
DA:45,1
DA:50,3
DA:54,1
DA:55,1
DA:56,1
DA:58,0
DA:62,2
DA:63,2
DA:64,2
DA:65,2
DA:66,1
DA:68,1
DA:72,2
DA:73,2
DA:74,2
DA:75,2
DA:76,1
DA:77,1
DA:79,1
DA:83,1
DA:84,1
DA:85,1
DA:86,1
DA:87,1
DA:89,0
DA:93,1
DA:94,1
DA:95,1
DA:96,1
DA:98,0
DA:103,1
LF:52
LH:48
BRDA:25,0,0,1
BRDA:25,0,1,3
BRDA:28,1,0,1
BRDA:28,1,1,2
BRDA:32,2,0,1
BRDA:32,2,1,1
BRDA:36,3,0,0
BRDA:36,3,1,1
BRDA:65,4,0,1
BRDA:65,4,1,1
BRF:10
BRH:9
end_of_record
TN:
SF:helper\helper.js
FN:4,(anonymous_0)
FN:5,(anonymous_1)
FN:8,(anonymous_2)
FN:9,(anonymous_3)
FNF:4
FNH:4
FNDA:4,(anonymous_0)
FNDA:1,(anonymous_1)
FNDA:1,(anonymous_2)
FNDA:13,(anonymous_3)
DA:1,1
DA:2,1
DA:4,4
DA:5,1
DA:6,1
DA:8,1
DA:9,13
DA:11,1
LF:8
LH:8
BRF:0
BRH:0
end_of_record
TN:
SF:middlewares\authn.js
FN:4,(anonymous_0)
FNF:1
FNH:1
FNDA:15,(anonymous_0)
DA:1,1
DA:2,1
DA:4,1
DA:5,15
DA:6,15
DA:7,15
DA:8,2
DA:11,13
DA:12,8
DA:13,8
DA:14,1
DA:17,7
DA:21,7
DA:23,8
DA:27,1
LF:15
LH:15
BRDA:7,0,0,2
BRDA:7,0,1,13
BRDA:13,1,0,1
BRDA:13,1,1,7
BRF:4
BRH:4
end_of_record
TN:
SF:middlewares\errorHandler.js
FN:1,(anonymous_0)
FNF:1
FNH:1
FNDA:19,(anonymous_0)
DA:1,1
DA:2,19
DA:3,19
DA:4,19
DA:6,19
DA:7,3
DA:8,3
DA:12,16
DA:13,1
DA:14,1
DA:15,15
DA:16,6
DA:17,6
DA:18,9
DA:19,5
DA:20,5
DA:21,4
DA:22,1
DA:23,1
DA:24,3
DA:25,1
DA:26,1
DA:27,2
DA:28,1
DA:29,1
DA:32,19
DA:37,1
LF:27
LH:27
BRDA:6,0,0,3
BRDA:6,0,1,16
BRDA:12,1,0,1
BRDA:12,1,1,15
BRDA:15,2,0,6
BRDA:15,2,1,9
BRDA:15,3,0,15
BRDA:15,3,1,10
BRDA:18,4,0,5
BRDA:18,4,1,4
BRDA:21,5,0,1
BRDA:21,5,1,3
BRDA:24,6,0,1
BRDA:24,6,1,2
BRDA:27,7,0,1
BRDA:27,7,1,1
BRF:16
BRH:16
end_of_record
TN:
SF:models\index.js
FN:19,(anonymous_0)
FN:22,(anonymous_1)
FN:27,(anonymous_2)
FNF:3
FNH:3
FNDA:2,(anonymous_0)
FNDA:1,(anonymous_1)
FNDA:1,(anonymous_2)
DA:3,1
DA:4,1
DA:5,1
DA:6,1
DA:7,1
DA:8,1
DA:9,1
DA:12,1
DA:13,0
DA:15,1
DA:18,1
DA:20,2
DA:23,1
DA:24,1
DA:27,1
DA:28,1
DA:29,1
DA:33,1
DA:34,1
DA:36,1
LF:20
LH:19
BRDA:7,0,0,1
BRDA:7,0,1,0
BRDA:12,1,0,0
BRDA:12,1,1,1
BRDA:20,2,0,2
BRDA:20,2,1,2
BRDA:20,2,2,1
BRDA:28,3,0,1
BRDA:28,3,1,0
BRF:9
BRH:6
end_of_record
TN:
SF:models\user.js
FN:4,(anonymous_0)
FN:11,(anonymous_1)
FN:103,(anonymous_2)
FNF:3
FNH:3
FNDA:1,(anonymous_0)
FNDA:1,(anonymous_1)
FNDA:2,(anonymous_2)
DA:2,1
DA:3,1
DA:4,1
DA:15,1
DA:103,1
DA:104,2
DA:107,1
LF:7
LH:7
BRF:0
BRH:0
end_of_record
TN:
SF:routers\index.js
FNF:0
FNH:0
DA:1,1
DA:2,1
DA:3,1
DA:4,1
DA:6,1
DA:7,1
DA:9,1
DA:11,1
DA:12,1
DA:13,1
DA:14,1
DA:15,1
DA:17,1
DA:19,1
LF:14
LH:14
BRF:0
BRH:0
end_of_record
