{"F:\\Github\\Phase3\\HacktiPhase-Server\\app\\app.js": {"path":"F:\\Github\\Phase3\\HacktiPhase-Server\\app\\app.js","statementMap":{"0":{"start":{"line":1,"column":0},"end":{"line":1,"column":27}},"1":{"start":{"line":2,"column":16},"end":{"line":2,"column":34}},"2":{"start":{"line":3,"column":12},"end":{"line":3,"column":21}},"3":{"start":{"line":4,"column":13},"end":{"line":4,"column":28}},"4":{"start":{"line":5,"column":15},"end":{"line":5,"column":35}},"5":{"start":{"line":7,"column":0},"end":{"line":7,"column":24}},"6":{"start":{"line":8,"column":0},"end":{"line":8,"column":48}},"7":{"start":{"line":9,"column":0},"end":{"line":9,"column":16}},"8":{"start":{"line":10,"column":0},"end":{"line":10,"column":21}},"9":{"start":{"line":12,"column":0},"end":{"line":12,"column":21}}},"fnMap":{},"branchMap":{},"s":{"0":1,"1":1,"2":1,"3":1,"4":1,"5":1,"6":1,"7":1,"8":1,"9":1},"f":{},"b":{},"_coverageSchema":"1a1c01bbd47fc00a2c39e90264f33305004495a9","hash":"442bdf3dbf1527dfffd5639547d23eaeaae324e6"}
,"F:\\Github\\Phase3\\HacktiPhase-Server\\app\\controllers\\AssignmentController.js": {"path":"F:\\Github\\Phase3\\HacktiPhase-Server\\app\\controllers\\AssignmentController.js","statementMap":{"0":{"start":{"line":1,"column":58},"end":{"line":1,"column":78}},"1":{"start":{"line":5,"column":4},"end":{"line":26,"column":5}},"2":{"start":{"line":6,"column":18},"end":{"line":13,"column":7}},"3":{"start":{"line":14,"column":6},"end":{"line":21,"column":7}},"4":{"start":{"line":15,"column":8},"end":{"line":17,"column":10}},"5":{"start":{"line":18,"column":8},"end":{"line":20,"column":10}},"6":{"start":{"line":22,"column":26},"end":{"line":22,"column":57}},"7":{"start":{"line":23,"column":6},"end":{"line":23,"column":40}},"8":{"start":{"line":25,"column":6},"end":{"line":25,"column":18}},"9":{"start":{"line":30,"column":4},"end":{"line":44,"column":5}},"10":{"start":{"line":31,"column":18},"end":{"line":39,"column":7}},"11":{"start":{"line":40,"column":26},"end":{"line":40,"column":57}},"12":{"start":{"line":41,"column":6},"end":{"line":41,"column":40}},"13":{"start":{"line":43,"column":6},"end":{"line":43,"column":18}},"14":{"start":{"line":48,"column":4},"end":{"line":71,"column":5}},"15":{"start":{"line":49,"column":25},"end":{"line":61,"column":8}},"16":{"start":{"line":62,"column":6},"end":{"line":67,"column":7}},"17":{"start":{"line":66,"column":8},"end":{"line":66,"column":49}},"18":{"start":{"line":68,"column":6},"end":{"line":68,"column":39}},"19":{"start":{"line":70,"column":6},"end":{"line":70,"column":18}},"20":{"start":{"line":75,"column":14},"end":{"line":75,"column":43}},"21":{"start":{"line":76,"column":4},"end":{"line":115,"column":5}},"22":{"start":{"line":78,"column":26},"end":{"line":83,"column":10}},"23":{"start":{"line":84,"column":8},"end":{"line":101,"column":12}},"24":{"start":{"line":85,"column":10},"end":{"line":89,"column":13}},"25":{"start":{"line":91,"column":10},"end":{"line":101,"column":12}},"26":{"start":{"line":104,"column":18},"end":{"line":106,"column":8}},"27":{"start":{"line":105,"column":8},"end":{"line":105,"column":33}},"28":{"start":{"line":107,"column":6},"end":{"line":107,"column":31}},"29":{"start":{"line":108,"column":6},"end":{"line":108,"column":23}},"30":{"start":{"line":109,"column":6},"end":{"line":111,"column":9}},"31":{"start":{"line":113,"column":6},"end":{"line":113,"column":25}},"32":{"start":{"line":114,"column":6},"end":{"line":114,"column":18}},"33":{"start":{"line":119,"column":0},"end":{"line":119,"column":38}}},"fnMap":{"0":{"name":"(anonymous_0)","decl":{"start":{"line":4,"column":2},"end":{"line":4,"column":3}},"loc":{"start":{"line":4,"column":48},"end":{"line":27,"column":3}},"line":4},"1":{"name":"(anonymous_1)","decl":{"start":{"line":29,"column":2},"end":{"line":29,"column":3}},"loc":{"start":{"line":29,"column":54},"end":{"line":45,"column":3}},"line":29},"2":{"name":"(anonymous_2)","decl":{"start":{"line":47,"column":2},"end":{"line":47,"column":3}},"loc":{"start":{"line":47,"column":51},"end":{"line":72,"column":3}},"line":47},"3":{"name":"(anonymous_3)","decl":{"start":{"line":74,"column":2},"end":{"line":74,"column":3}},"loc":{"start":{"line":74,"column":44},"end":{"line":116,"column":3}},"line":74},"4":{"name":"updateOrCreate","decl":{"start":{"line":77,"column":21},"end":{"line":77,"column":35}},"loc":{"start":{"line":77,"column":40},"end":{"line":102,"column":7}},"line":77},"5":{"name":"(anonymous_5)","decl":{"start":{"line":104,"column":31},"end":{"line":104,"column":32}},"loc":{"start":{"line":104,"column":39},"end":{"line":106,"column":7}},"line":104}},"branchMap":{"0":{"loc":{"start":{"line":14,"column":6},"end":{"line":21,"column":7}},"type":"if","locations":[{"start":{"line":14,"column":6},"end":{"line":21,"column":7}},{"start":{},"end":{}}],"line":14},"1":{"loc":{"start":{"line":62,"column":6},"end":{"line":67,"column":7}},"type":"if","locations":[{"start":{"line":62,"column":6},"end":{"line":67,"column":7}},{"start":{},"end":{}}],"line":62},"2":{"loc":{"start":{"line":63,"column":8},"end":{"line":64,"column":47}},"type":"binary-expr","locations":[{"start":{"line":63,"column":8},"end":{"line":63,"column":35}},{"start":{"line":64,"column":8},"end":{"line":64,"column":47}}],"line":63},"3":{"loc":{"start":{"line":84,"column":8},"end":{"line":101,"column":12}},"type":"if","locations":[{"start":{"line":84,"column":8},"end":{"line":101,"column":12}},{"start":{"line":91,"column":10},"end":{"line":101,"column":12}}],"line":84}},"s":{"0":1,"1":2,"2":2,"3":2,"4":1,"5":1,"6":2,"7":1,"8":1,"9":2,"10":2,"11":2,"12":1,"13":1,"14":1,"15":1,"16":1,"17":0,"18":1,"19":0,"20":2,"21":2,"22":1,"23":1,"24":0,"25":1,"26":2,"27":1,"28":1,"29":1,"30":1,"31":1,"32":1,"33":1},"f":{"0":2,"1":2,"2":1,"3":2,"4":1,"5":1},"b":{"0":[1,1],"1":[0,1],"2":[1,0],"3":[0,1]},"_coverageSchema":"1a1c01bbd47fc00a2c39e90264f33305004495a9","hash":"0ed130cf5fc08fdb70c3e24456f0480609c0cef2"}
,"F:\\Github\\Phase3\\HacktiPhase-Server\\app\\controllers\\JourneyController.js": {"path":"F:\\Github\\Phase3\\HacktiPhase-Server\\app\\controllers\\JourneyController.js","statementMap":{"0":{"start":{"line":1,"column":36},"end":{"line":1,"column":56}},"1":{"start":{"line":5,"column":4},"end":{"line":14,"column":5}},"2":{"start":{"line":6,"column":23},"end":{"line":10,"column":8}},"3":{"start":{"line":11,"column":6},"end":{"line":11,"column":37}},"4":{"start":{"line":13,"column":6},"end":{"line":13,"column":18}},"5":{"start":{"line":18,"column":4},"end":{"line":34,"column":5}},"6":{"start":{"line":19,"column":22},"end":{"line":30,"column":8}},"7":{"start":{"line":31,"column":6},"end":{"line":31,"column":36}},"8":{"start":{"line":33,"column":6},"end":{"line":33,"column":18}},"9":{"start":{"line":38,"column":4},"end":{"line":61,"column":5}},"10":{"start":{"line":39,"column":22},"end":{"line":44,"column":8}},"11":{"start":{"line":45,"column":6},"end":{"line":47,"column":7}},"12":{"start":{"line":46,"column":8},"end":{"line":46,"column":54}},"13":{"start":{"line":48,"column":26},"end":{"line":57,"column":7}},"14":{"start":{"line":58,"column":6},"end":{"line":58,"column":40}},"15":{"start":{"line":60,"column":6},"end":{"line":60,"column":18}},"16":{"start":{"line":65,"column":0},"end":{"line":65,"column":35}}},"fnMap":{"0":{"name":"(anonymous_0)","decl":{"start":{"line":4,"column":2},"end":{"line":4,"column":3}},"loc":{"start":{"line":4,"column":45},"end":{"line":15,"column":3}},"line":4},"1":{"name":"(anonymous_1)","decl":{"start":{"line":17,"column":2},"end":{"line":17,"column":3}},"loc":{"start":{"line":17,"column":48},"end":{"line":35,"column":3}},"line":17},"2":{"name":"(anonymous_2)","decl":{"start":{"line":37,"column":2},"end":{"line":37,"column":3}},"loc":{"start":{"line":37,"column":51},"end":{"line":62,"column":3}},"line":37}},"branchMap":{"0":{"loc":{"start":{"line":45,"column":6},"end":{"line":47,"column":7}},"type":"if","locations":[{"start":{"line":45,"column":6},"end":{"line":47,"column":7}},{"start":{},"end":{}}],"line":45},"1":{"loc":{"start":{"line":50,"column":18},"end":{"line":50,"column":75}},"type":"cond-expr","locations":[{"start":{"line":50,"column":50},"end":{"line":50,"column":62}},{"start":{"line":50,"column":65},"end":{"line":50,"column":75}}],"line":50}},"s":{"0":1,"1":1,"2":1,"3":1,"4":0,"5":1,"6":1,"7":1,"8":0,"9":2,"10":2,"11":2,"12":1,"13":1,"14":1,"15":1,"16":1},"f":{"0":1,"1":1,"2":2},"b":{"0":[1,1],"1":[1,0]},"_coverageSchema":"1a1c01bbd47fc00a2c39e90264f33305004495a9","hash":"16a964a06f6e98d0220c0ca6ff74cfa53c7be77b"}
,"F:\\Github\\Phase3\\HacktiPhase-Server\\app\\controllers\\MaterialController.js": {"path":"F:\\Github\\Phase3\\HacktiPhase-Server\\app\\controllers\\MaterialController.js","statementMap":{"0":{"start":{"line":1,"column":21},"end":{"line":1,"column":41}},"1":{"start":{"line":5,"column":4},"end":{"line":14,"column":5}},"2":{"start":{"line":6,"column":24},"end":{"line":10,"column":8}},"3":{"start":{"line":11,"column":6},"end":{"line":11,"column":38}},"4":{"start":{"line":13,"column":6},"end":{"line":13,"column":18}},"5":{"start":{"line":18,"column":4},"end":{"line":28,"column":5}},"6":{"start":{"line":19,"column":24},"end":{"line":24,"column":8}},"7":{"start":{"line":25,"column":6},"end":{"line":25,"column":38}},"8":{"start":{"line":27,"column":6},"end":{"line":27,"column":18}},"9":{"start":{"line":32,"column":4},"end":{"line":47,"column":5}},"10":{"start":{"line":33,"column":23},"end":{"line":37,"column":8}},"11":{"start":{"line":38,"column":6},"end":{"line":43,"column":7}},"12":{"start":{"line":42,"column":8},"end":{"line":42,"column":49}},"13":{"start":{"line":44,"column":6},"end":{"line":44,"column":37}},"14":{"start":{"line":46,"column":6},"end":{"line":46,"column":18}},"15":{"start":{"line":51,"column":0},"end":{"line":51,"column":36}}},"fnMap":{"0":{"name":"(anonymous_0)","decl":{"start":{"line":4,"column":2},"end":{"line":4,"column":3}},"loc":{"start":{"line":4,"column":46},"end":{"line":15,"column":3}},"line":4},"1":{"name":"(anonymous_1)","decl":{"start":{"line":17,"column":2},"end":{"line":17,"column":3}},"loc":{"start":{"line":17,"column":52},"end":{"line":29,"column":3}},"line":17},"2":{"name":"(anonymous_2)","decl":{"start":{"line":31,"column":2},"end":{"line":31,"column":3}},"loc":{"start":{"line":31,"column":49},"end":{"line":48,"column":3}},"line":31}},"branchMap":{"0":{"loc":{"start":{"line":38,"column":6},"end":{"line":43,"column":7}},"type":"if","locations":[{"start":{"line":38,"column":6},"end":{"line":43,"column":7}},{"start":{},"end":{}}],"line":38},"1":{"loc":{"start":{"line":39,"column":8},"end":{"line":40,"column":45}},"type":"binary-expr","locations":[{"start":{"line":39,"column":8},"end":{"line":39,"column":35}},{"start":{"line":40,"column":8},"end":{"line":40,"column":45}}],"line":39}},"s":{"0":1,"1":1,"2":1,"3":1,"4":0,"5":1,"6":1,"7":1,"8":0,"9":1,"10":1,"11":1,"12":0,"13":1,"14":0,"15":1},"f":{"0":1,"1":1,"2":1},"b":{"0":[0,1],"1":[1,1]},"_coverageSchema":"1a1c01bbd47fc00a2c39e90264f33305004495a9","hash":"dc6c4ee4c00a49d3f0f39afb34e6c15c2cdb18be"}
,"F:\\Github\\Phase3\\HacktiPhase-Server\\app\\controllers\\PhaseBatchController.js": {"path":"F:\\Github\\Phase3\\HacktiPhase-Server\\app\\controllers\\PhaseBatchController.js","statementMap":{"0":{"start":{"line":8,"column":4},"end":{"line":8,"column":24}},"1":{"start":{"line":12,"column":4},"end":{"line":26,"column":5}},"2":{"start":{"line":13,"column":27},"end":{"line":22,"column":8}},"3":{"start":{"line":23,"column":6},"end":{"line":23,"column":41}},"4":{"start":{"line":25,"column":6},"end":{"line":25,"column":18}},"5":{"start":{"line":30,"column":4},"end":{"line":53,"column":5}},"6":{"start":{"line":31,"column":27},"end":{"line":49,"column":8}},"7":{"start":{"line":50,"column":6},"end":{"line":50,"column":41}},"8":{"start":{"line":52,"column":6},"end":{"line":52,"column":18}},"9":{"start":{"line":57,"column":4},"end":{"line":97,"column":5}},"10":{"start":{"line":58,"column":28},"end":{"line":62,"column":8}},"11":{"start":{"line":63,"column":23},"end":{"line":63,"column":79}},"12":{"start":{"line":64,"column":24},"end":{"line":64,"column":72}},"13":{"start":{"line":65,"column":23},"end":{"line":67,"column":7}},"14":{"start":{"line":68,"column":22},"end":{"line":93,"column":8}},"15":{"start":{"line":94,"column":6},"end":{"line":94,"column":36}},"16":{"start":{"line":96,"column":6},"end":{"line":96,"column":18}},"17":{"start":{"line":101,"column":0},"end":{"line":101,"column":38}}},"fnMap":{"0":{"name":"(anonymous_0)","decl":{"start":{"line":11,"column":2},"end":{"line":11,"column":3}},"loc":{"start":{"line":11,"column":47},"end":{"line":27,"column":3}},"line":11},"1":{"name":"(anonymous_1)","decl":{"start":{"line":29,"column":2},"end":{"line":29,"column":3}},"loc":{"start":{"line":29,"column":53},"end":{"line":54,"column":3}},"line":29},"2":{"name":"(anonymous_2)","decl":{"start":{"line":56,"column":2},"end":{"line":56,"column":3}},"loc":{"start":{"line":56,"column":42},"end":{"line":98,"column":3}},"line":56}},"branchMap":{},"s":{"0":1,"1":1,"2":1,"3":1,"4":0,"5":1,"6":1,"7":1,"8":0,"9":0,"10":0,"11":0,"12":0,"13":0,"14":0,"15":0,"16":0,"17":1},"f":{"0":1,"1":1,"2":0},"b":{},"_coverageSchema":"1a1c01bbd47fc00a2c39e90264f33305004495a9","hash":"6283e9b5462a9d245a79b2d5b39e3c1932c7000b"}
,"F:\\Github\\Phase3\\HacktiPhase-Server\\app\\controllers\\UserController.js": {"path":"F:\\Github\\Phase3\\HacktiPhase-Server\\app\\controllers\\UserController.js","statementMap":{"0":{"start":{"line":1,"column":15},"end":{"line":1,"column":35}},"1":{"start":{"line":2,"column":17},"end":{"line":2,"column":37}},"2":{"start":{"line":6,"column":4},"end":{"line":23,"column":5}},"3":{"start":{"line":7,"column":19},"end":{"line":7,"column":53}},"4":{"start":{"line":8,"column":6},"end":{"line":17,"column":8}},"5":{"start":{"line":18,"column":6},"end":{"line":20,"column":9}},"6":{"start":{"line":22,"column":6},"end":{"line":22,"column":18}},"7":{"start":{"line":27,"column":4},"end":{"line":45,"column":5}},"8":{"start":{"line":28,"column":6},"end":{"line":39,"column":8}},"9":{"start":{"line":40,"column":6},"end":{"line":42,"column":9}},"10":{"start":{"line":44,"column":6},"end":{"line":44,"column":18}},"11":{"start":{"line":49,"column":0},"end":{"line":49,"column":32}}},"fnMap":{"0":{"name":"(anonymous_0)","decl":{"start":{"line":5,"column":2},"end":{"line":5,"column":3}},"loc":{"start":{"line":5,"column":44},"end":{"line":24,"column":3}},"line":5},"1":{"name":"(anonymous_1)","decl":{"start":{"line":26,"column":2},"end":{"line":26,"column":3}},"loc":{"start":{"line":26,"column":52},"end":{"line":46,"column":3}},"line":26}},"branchMap":{"0":{"loc":{"start":{"line":10,"column":18},"end":{"line":10,"column":66}},"type":"cond-expr","locations":[{"start":{"line":10,"column":45},"end":{"line":10,"column":55}},{"start":{"line":10,"column":58},"end":{"line":10,"column":66}}],"line":10},"1":{"loc":{"start":{"line":19,"column":57},"end":{"line":19,"column":105}},"type":"cond-expr","locations":[{"start":{"line":19,"column":84},"end":{"line":19,"column":94}},{"start":{"line":19,"column":97},"end":{"line":19,"column":105}}],"line":19}},"s":{"0":1,"1":1,"2":2,"3":2,"4":0,"5":0,"6":2,"7":1,"8":1,"9":1,"10":0,"11":1},"f":{"0":2,"1":1},"b":{"0":[0,0],"1":[0,0]},"_coverageSchema":"1a1c01bbd47fc00a2c39e90264f33305004495a9","hash":"5755169eee716267dc55c705f93e95c9d6dd2f2e"}
,"F:\\Github\\Phase3\\HacktiPhase-Server\\app\\helpers\\index.js": {"path":"F:\\Github\\Phase3\\HacktiPhase-Server\\app\\helpers\\index.js","statementMap":{"0":{"start":{"line":1,"column":0},"end":{"line":1,"column":27}},"1":{"start":{"line":2,"column":12},"end":{"line":2,"column":35}},"2":{"start":{"line":3,"column":15},"end":{"line":3,"column":34}},"3":{"start":{"line":5,"column":16},"end":{"line":5,"column":72}},"4":{"start":{"line":5,"column":29},"end":{"line":5,"column":72}},"5":{"start":{"line":6,"column":18},"end":{"line":6,"column":72}},"6":{"start":{"line":6,"column":29},"end":{"line":6,"column":72}},"7":{"start":{"line":8,"column":22},"end":{"line":8,"column":72}},"8":{"start":{"line":8,"column":40},"end":{"line":8,"column":72}},"9":{"start":{"line":9,"column":19},"end":{"line":9,"column":54}},"10":{"start":{"line":9,"column":31},"end":{"line":9,"column":54}},"11":{"start":{"line":11,"column":0},"end":{"line":16,"column":2}}},"fnMap":{"0":{"name":"(anonymous_0)","decl":{"start":{"line":5,"column":16},"end":{"line":5,"column":17}},"loc":{"start":{"line":5,"column":29},"end":{"line":5,"column":72}},"line":5},"1":{"name":"(anonymous_1)","decl":{"start":{"line":6,"column":18},"end":{"line":6,"column":19}},"loc":{"start":{"line":6,"column":29},"end":{"line":6,"column":72}},"line":6},"2":{"name":"(anonymous_2)","decl":{"start":{"line":8,"column":22},"end":{"line":8,"column":23}},"loc":{"start":{"line":8,"column":40},"end":{"line":8,"column":72}},"line":8},"3":{"name":"(anonymous_3)","decl":{"start":{"line":9,"column":19},"end":{"line":9,"column":20}},"loc":{"start":{"line":9,"column":31},"end":{"line":9,"column":54}},"line":9}},"branchMap":{},"s":{"0":1,"1":1,"2":1,"3":1,"4":0,"5":1,"6":51,"7":1,"8":0,"9":1,"10":0,"11":1},"f":{"0":0,"1":51,"2":0,"3":0},"b":{},"_coverageSchema":"1a1c01bbd47fc00a2c39e90264f33305004495a9","hash":"3d48305430c076dd110a186d9d3f9708ba8f1015"}
,"F:\\Github\\Phase3\\HacktiPhase-Server\\app\\middlewares\\auth.js": {"path":"F:\\Github\\Phase3\\HacktiPhase-Server\\app\\middlewares\\auth.js","statementMap":{"0":{"start":{"line":1,"column":22},"end":{"line":1,"column":43}},"1":{"start":{"line":2,"column":36},"end":{"line":2,"column":56}},"2":{"start":{"line":4,"column":23},"end":{"line":29,"column":1}},"3":{"start":{"line":5,"column":2},"end":{"line":28,"column":3}},"4":{"start":{"line":6,"column":29},"end":{"line":6,"column":40}},"5":{"start":{"line":7,"column":18},"end":{"line":7,"column":41}},"6":{"start":{"line":8,"column":17},"end":{"line":15,"column":6}},"7":{"start":{"line":16,"column":4},"end":{"line":18,"column":5}},"8":{"start":{"line":17,"column":6},"end":{"line":17,"column":49}},"9":{"start":{"line":19,"column":4},"end":{"line":24,"column":6}},"10":{"start":{"line":25,"column":4},"end":{"line":25,"column":11}},"11":{"start":{"line":27,"column":4},"end":{"line":27,"column":16}},"12":{"start":{"line":31,"column":22},"end":{"line":41,"column":1}},"13":{"start":{"line":32,"column":2},"end":{"line":40,"column":3}},"14":{"start":{"line":33,"column":4},"end":{"line":33,"column":25}},"15":{"start":{"line":34,"column":4},"end":{"line":36,"column":5}},"16":{"start":{"line":35,"column":6},"end":{"line":35,"column":47}},"17":{"start":{"line":37,"column":4},"end":{"line":37,"column":11}},"18":{"start":{"line":39,"column":4},"end":{"line":39,"column":16}},"19":{"start":{"line":43,"column":0},"end":{"line":43,"column":51}}},"fnMap":{"0":{"name":"(anonymous_0)","decl":{"start":{"line":4,"column":23},"end":{"line":4,"column":24}},"loc":{"start":{"line":4,"column":49},"end":{"line":29,"column":1}},"line":4},"1":{"name":"(anonymous_1)","decl":{"start":{"line":31,"column":22},"end":{"line":31,"column":23}},"loc":{"start":{"line":31,"column":48},"end":{"line":41,"column":1}},"line":31}},"branchMap":{"0":{"loc":{"start":{"line":16,"column":4},"end":{"line":18,"column":5}},"type":"if","locations":[{"start":{"line":16,"column":4},"end":{"line":18,"column":5}},{"start":{},"end":{}}],"line":16},"1":{"loc":{"start":{"line":34,"column":4},"end":{"line":36,"column":5}},"type":"if","locations":[{"start":{"line":34,"column":4},"end":{"line":36,"column":5}},{"start":{},"end":{}}],"line":34}},"s":{"0":1,"1":1,"2":1,"3":51,"4":51,"5":51,"6":23,"7":23,"8":0,"9":23,"10":23,"11":28,"12":1,"13":8,"14":8,"15":8,"16":4,"17":4,"18":4,"19":1},"f":{"0":51,"1":8},"b":{"0":[0,23],"1":[4,4]},"_coverageSchema":"1a1c01bbd47fc00a2c39e90264f33305004495a9","hash":"b3e9a125b88088b2ac4d3c3e63ba1e86bd77e717"}
,"F:\\Github\\Phase3\\HacktiPhase-Server\\app\\middlewares\\error.js": {"path":"F:\\Github\\Phase3\\HacktiPhase-Server\\app\\middlewares\\error.js","statementMap":{"0":{"start":{"line":1,"column":0},"end":{"line":25,"column":2}},"1":{"start":{"line":2,"column":2},"end":{"line":2,"column":19}},"2":{"start":{"line":3,"column":13},"end":{"line":3,"column":16}},"3":{"start":{"line":4,"column":16},"end":{"line":4,"column":39}},"4":{"start":{"line":5,"column":2},"end":{"line":20,"column":3}},"5":{"start":{"line":6,"column":4},"end":{"line":6,"column":15}},"6":{"start":{"line":7,"column":4},"end":{"line":7,"column":30}},"7":{"start":{"line":8,"column":9},"end":{"line":20,"column":3}},"8":{"start":{"line":12,"column":4},"end":{"line":12,"column":15}},"9":{"start":{"line":13,"column":4},"end":{"line":13,"column":36}},"10":{"start":{"line":14,"column":9},"end":{"line":20,"column":3}},"11":{"start":{"line":15,"column":4},"end":{"line":15,"column":15}},"12":{"start":{"line":16,"column":4},"end":{"line":16,"column":31}},"13":{"start":{"line":17,"column":9},"end":{"line":20,"column":3}},"14":{"start":{"line":18,"column":4},"end":{"line":18,"column":20}},"15":{"start":{"line":19,"column":4},"end":{"line":19,"column":22}},"16":{"start":{"line":21,"column":2},"end":{"line":24,"column":5}}},"fnMap":{"0":{"name":"(anonymous_0)","decl":{"start":{"line":1,"column":17},"end":{"line":1,"column":18}},"loc":{"start":{"line":1,"column":42},"end":{"line":25,"column":1}},"line":1}},"branchMap":{"0":{"loc":{"start":{"line":5,"column":2},"end":{"line":20,"column":3}},"type":"if","locations":[{"start":{"line":5,"column":2},"end":{"line":20,"column":3}},{"start":{"line":8,"column":9},"end":{"line":20,"column":3}}],"line":5},"1":{"loc":{"start":{"line":8,"column":9},"end":{"line":20,"column":3}},"type":"if","locations":[{"start":{"line":8,"column":9},"end":{"line":20,"column":3}},{"start":{"line":14,"column":9},"end":{"line":20,"column":3}}],"line":8},"2":{"loc":{"start":{"line":9,"column":4},"end":{"line":10,"column":49}},"type":"binary-expr","locations":[{"start":{"line":9,"column":4},"end":{"line":9,"column":43}},{"start":{"line":10,"column":4},"end":{"line":10,"column":49}}],"line":9},"3":{"loc":{"start":{"line":14,"column":9},"end":{"line":20,"column":3}},"type":"if","locations":[{"start":{"line":14,"column":9},"end":{"line":20,"column":3}},{"start":{"line":17,"column":9},"end":{"line":20,"column":3}}],"line":14},"4":{"loc":{"start":{"line":17,"column":9},"end":{"line":20,"column":3}},"type":"if","locations":[{"start":{"line":17,"column":9},"end":{"line":20,"column":3}},{"start":{},"end":{}}],"line":17}},"s":{"0":1,"1":38,"2":38,"3":38,"4":38,"5":28,"6":28,"7":10,"8":0,"9":0,"10":10,"11":2,"12":2,"13":8,"14":5,"15":5,"16":38},"f":{"0":38},"b":{"0":[28,10],"1":[0,10],"2":[10,10],"3":[2,8],"4":[5,3]},"_coverageSchema":"1a1c01bbd47fc00a2c39e90264f33305004495a9","hash":"3ff282f09003c1c46c073c3db95942427c2efe21"}
,"F:\\Github\\Phase3\\HacktiPhase-Server\\app\\models\\assignment.js": {"path":"F:\\Github\\Phase3\\HacktiPhase-Server\\app\\models\\assignment.js","statementMap":{"0":{"start":{"line":2,"column":18},"end":{"line":2,"column":38}},"1":{"start":{"line":3,"column":0},"end":{"line":121,"column":2}},"2":{"start":{"line":12,"column":6},"end":{"line":12,"column":41}},"3":{"start":{"line":13,"column":6},"end":{"line":13,"column":50}},"4":{"start":{"line":16,"column":2},"end":{"line":119,"column":4}},"5":{"start":{"line":120,"column":2},"end":{"line":120,"column":20}}},"fnMap":{"0":{"name":"(anonymous_0)","decl":{"start":{"line":3,"column":17},"end":{"line":3,"column":18}},"loc":{"start":{"line":3,"column":43},"end":{"line":121,"column":1}},"line":3},"1":{"name":"(anonymous_1)","decl":{"start":{"line":10,"column":4},"end":{"line":10,"column":5}},"loc":{"start":{"line":10,"column":29},"end":{"line":14,"column":5}},"line":10}},"branchMap":{},"s":{"0":1,"1":1,"2":1,"3":1,"4":1,"5":1},"f":{"0":1,"1":1},"b":{},"_coverageSchema":"1a1c01bbd47fc00a2c39e90264f33305004495a9","hash":"0440692eb6577ef7cd7e335536af20d49d60e6cc"}
,"F:\\Github\\Phase3\\HacktiPhase-Server\\app\\models\\assignmentdetail.js": {"path":"F:\\Github\\Phase3\\HacktiPhase-Server\\app\\models\\assignmentdetail.js","statementMap":{"0":{"start":{"line":2,"column":18},"end":{"line":2,"column":38}},"1":{"start":{"line":3,"column":0},"end":{"line":50,"column":2}},"2":{"start":{"line":12,"column":6},"end":{"line":12,"column":46}},"3":{"start":{"line":13,"column":6},"end":{"line":13,"column":52}},"4":{"start":{"line":16,"column":2},"end":{"line":48,"column":4}},"5":{"start":{"line":49,"column":2},"end":{"line":49,"column":26}}},"fnMap":{"0":{"name":"(anonymous_0)","decl":{"start":{"line":3,"column":17},"end":{"line":3,"column":18}},"loc":{"start":{"line":3,"column":43},"end":{"line":50,"column":1}},"line":3},"1":{"name":"(anonymous_1)","decl":{"start":{"line":10,"column":4},"end":{"line":10,"column":5}},"loc":{"start":{"line":10,"column":29},"end":{"line":14,"column":5}},"line":10}},"branchMap":{},"s":{"0":1,"1":1,"2":1,"3":1,"4":1,"5":1},"f":{"0":1,"1":1},"b":{},"_coverageSchema":"1a1c01bbd47fc00a2c39e90264f33305004495a9","hash":"277ddf9a76ea78e913f833dd8f8495f20f77d9e9"}
,"F:\\Github\\Phase3\\HacktiPhase-Server\\app\\models\\batch.js": {"path":"F:\\Github\\Phase3\\HacktiPhase-Server\\app\\models\\batch.js","statementMap":{"0":{"start":{"line":2,"column":18},"end":{"line":2,"column":38}},"1":{"start":{"line":3,"column":0},"end":{"line":35,"column":2}},"2":{"start":{"line":14,"column":2},"end":{"line":33,"column":4}},"3":{"start":{"line":34,"column":2},"end":{"line":34,"column":15}}},"fnMap":{"0":{"name":"(anonymous_0)","decl":{"start":{"line":3,"column":17},"end":{"line":3,"column":18}},"loc":{"start":{"line":3,"column":43},"end":{"line":35,"column":1}},"line":3},"1":{"name":"(anonymous_1)","decl":{"start":{"line":10,"column":4},"end":{"line":10,"column":5}},"loc":{"start":{"line":10,"column":29},"end":{"line":12,"column":5}},"line":10}},"branchMap":{},"s":{"0":1,"1":1,"2":1,"3":1},"f":{"0":1,"1":1},"b":{},"_coverageSchema":"1a1c01bbd47fc00a2c39e90264f33305004495a9","hash":"9409f29ce79e7fdfd838059e6698380b5e8c29dc"}
,"F:\\Github\\Phase3\\HacktiPhase-Server\\app\\models\\comment.js": {"path":"F:\\Github\\Phase3\\HacktiPhase-Server\\app\\models\\comment.js","statementMap":{"0":{"start":{"line":2,"column":18},"end":{"line":2,"column":38}},"1":{"start":{"line":3,"column":0},"end":{"line":50,"column":2}},"2":{"start":{"line":12,"column":6},"end":{"line":12,"column":37}},"3":{"start":{"line":13,"column":6},"end":{"line":13,"column":39}},"4":{"start":{"line":16,"column":2},"end":{"line":48,"column":4}},"5":{"start":{"line":49,"column":2},"end":{"line":49,"column":17}}},"fnMap":{"0":{"name":"(anonymous_0)","decl":{"start":{"line":3,"column":17},"end":{"line":3,"column":18}},"loc":{"start":{"line":3,"column":43},"end":{"line":50,"column":1}},"line":3},"1":{"name":"(anonymous_1)","decl":{"start":{"line":10,"column":4},"end":{"line":10,"column":5}},"loc":{"start":{"line":10,"column":29},"end":{"line":14,"column":5}},"line":10}},"branchMap":{},"s":{"0":1,"1":1,"2":1,"3":1,"4":1,"5":1},"f":{"0":1,"1":1},"b":{},"_coverageSchema":"1a1c01bbd47fc00a2c39e90264f33305004495a9","hash":"7f622ed99ddfc22220f4e554a3a91de05a2c4ae6"}
,"F:\\Github\\Phase3\\HacktiPhase-Server\\app\\models\\index.js": {"path":"F:\\Github\\Phase3\\HacktiPhase-Server\\app\\models\\index.js","statementMap":{"0":{"start":{"line":3,"column":11},"end":{"line":3,"column":24}},"1":{"start":{"line":4,"column":13},"end":{"line":4,"column":28}},"2":{"start":{"line":5,"column":18},"end":{"line":5,"column":38}},"3":{"start":{"line":6,"column":16},"end":{"line":6,"column":34}},"4":{"start":{"line":7,"column":17},"end":{"line":7,"column":42}},"5":{"start":{"line":8,"column":12},"end":{"line":8,"column":49}},"6":{"start":{"line":9,"column":15},"end":{"line":9,"column":65}},"7":{"start":{"line":10,"column":11},"end":{"line":10,"column":13}},"8":{"start":{"line":13,"column":0},"end":{"line":17,"column":1}},"9":{"start":{"line":14,"column":2},"end":{"line":14,"column":74}},"10":{"start":{"line":16,"column":2},"end":{"line":16,"column":87}},"11":{"start":{"line":19,"column":0},"end":{"line":27,"column":5}},"12":{"start":{"line":22,"column":4},"end":{"line":22,"column":90}},"13":{"start":{"line":25,"column":18},"end":{"line":25,"column":85}},"14":{"start":{"line":26,"column":4},"end":{"line":26,"column":27}},"15":{"start":{"line":29,"column":0},"end":{"line":33,"column":3}},"16":{"start":{"line":30,"column":2},"end":{"line":32,"column":3}},"17":{"start":{"line":31,"column":4},"end":{"line":31,"column":32}},"18":{"start":{"line":35,"column":0},"end":{"line":35,"column":25}},"19":{"start":{"line":36,"column":0},"end":{"line":36,"column":25}},"20":{"start":{"line":38,"column":0},"end":{"line":38,"column":20}}},"fnMap":{"0":{"name":"(anonymous_0)","decl":{"start":{"line":21,"column":10},"end":{"line":21,"column":11}},"loc":{"start":{"line":21,"column":18},"end":{"line":23,"column":3}},"line":21},"1":{"name":"(anonymous_1)","decl":{"start":{"line":24,"column":11},"end":{"line":24,"column":12}},"loc":{"start":{"line":24,"column":19},"end":{"line":27,"column":3}},"line":24},"2":{"name":"(anonymous_2)","decl":{"start":{"line":29,"column":24},"end":{"line":29,"column":25}},"loc":{"start":{"line":29,"column":37},"end":{"line":33,"column":1}},"line":29}},"branchMap":{"0":{"loc":{"start":{"line":8,"column":12},"end":{"line":8,"column":49}},"type":"binary-expr","locations":[{"start":{"line":8,"column":12},"end":{"line":8,"column":32}},{"start":{"line":8,"column":36},"end":{"line":8,"column":49}}],"line":8},"1":{"loc":{"start":{"line":13,"column":0},"end":{"line":17,"column":1}},"type":"if","locations":[{"start":{"line":13,"column":0},"end":{"line":17,"column":1}},{"start":{"line":15,"column":7},"end":{"line":17,"column":1}}],"line":13},"2":{"loc":{"start":{"line":22,"column":11},"end":{"line":22,"column":89}},"type":"binary-expr","locations":[{"start":{"line":22,"column":12},"end":{"line":22,"column":35}},{"start":{"line":22,"column":41},"end":{"line":22,"column":58}},{"start":{"line":22,"column":64},"end":{"line":22,"column":88}}],"line":22},"3":{"loc":{"start":{"line":30,"column":2},"end":{"line":32,"column":3}},"type":"if","locations":[{"start":{"line":30,"column":2},"end":{"line":32,"column":3}},{"start":{},"end":{}}],"line":30}},"s":{"0":1,"1":1,"2":1,"3":1,"4":1,"5":1,"6":1,"7":1,"8":1,"9":0,"10":1,"11":1,"12":12,"13":11,"14":11,"15":1,"16":11,"17":11,"18":1,"19":1,"20":1},"f":{"0":12,"1":11,"2":11},"b":{"0":[1,0],"1":[0,1],"2":[12,12,11],"3":[11,0]},"_coverageSchema":"1a1c01bbd47fc00a2c39e90264f33305004495a9","hash":"299e14378a5cc220d4d51e7aceb3b60562323252"}
,"F:\\Github\\Phase3\\HacktiPhase-Server\\app\\models\\journey.js": {"path":"F:\\Github\\Phase3\\HacktiPhase-Server\\app\\models\\journey.js","statementMap":{"0":{"start":{"line":2,"column":18},"end":{"line":2,"column":38}},"1":{"start":{"line":3,"column":0},"end":{"line":61,"column":2}},"2":{"start":{"line":12,"column":6},"end":{"line":12,"column":43}},"3":{"start":{"line":13,"column":6},"end":{"line":13,"column":44}},"4":{"start":{"line":16,"column":2},"end":{"line":59,"column":4}},"5":{"start":{"line":60,"column":2},"end":{"line":60,"column":17}}},"fnMap":{"0":{"name":"(anonymous_0)","decl":{"start":{"line":3,"column":17},"end":{"line":3,"column":18}},"loc":{"start":{"line":3,"column":43},"end":{"line":61,"column":1}},"line":3},"1":{"name":"(anonymous_1)","decl":{"start":{"line":10,"column":4},"end":{"line":10,"column":5}},"loc":{"start":{"line":10,"column":29},"end":{"line":14,"column":5}},"line":10}},"branchMap":{},"s":{"0":1,"1":1,"2":1,"3":1,"4":1,"5":1},"f":{"0":1,"1":1},"b":{},"_coverageSchema":"1a1c01bbd47fc00a2c39e90264f33305004495a9","hash":"408e50ba5d152f130a2076615418b0fd4492392c"}
,"F:\\Github\\Phase3\\HacktiPhase-Server\\app\\models\\material.js": {"path":"F:\\Github\\Phase3\\HacktiPhase-Server\\app\\models\\material.js","statementMap":{"0":{"start":{"line":2,"column":18},"end":{"line":2,"column":38}},"1":{"start":{"line":3,"column":0},"end":{"line":108,"column":2}},"2":{"start":{"line":12,"column":6},"end":{"line":12,"column":39}},"3":{"start":{"line":15,"column":2},"end":{"line":106,"column":4}},"4":{"start":{"line":107,"column":2},"end":{"line":107,"column":18}}},"fnMap":{"0":{"name":"(anonymous_0)","decl":{"start":{"line":3,"column":17},"end":{"line":3,"column":18}},"loc":{"start":{"line":3,"column":43},"end":{"line":108,"column":1}},"line":3},"1":{"name":"(anonymous_1)","decl":{"start":{"line":10,"column":4},"end":{"line":10,"column":5}},"loc":{"start":{"line":10,"column":29},"end":{"line":13,"column":5}},"line":10}},"branchMap":{},"s":{"0":1,"1":1,"2":1,"3":1,"4":1},"f":{"0":1,"1":1},"b":{},"_coverageSchema":"1a1c01bbd47fc00a2c39e90264f33305004495a9","hash":"a36ad316a468d25281a502bcb2218f8d3b88189b"}
,"F:\\Github\\Phase3\\HacktiPhase-Server\\app\\models\\phase.js": {"path":"F:\\Github\\Phase3\\HacktiPhase-Server\\app\\models\\phase.js","statementMap":{"0":{"start":{"line":2,"column":18},"end":{"line":2,"column":38}},"1":{"start":{"line":3,"column":0},"end":{"line":37,"column":2}},"2":{"start":{"line":12,"column":6},"end":{"line":12,"column":37}},"3":{"start":{"line":13,"column":6},"end":{"line":13,"column":39}},"4":{"start":{"line":16,"column":2},"end":{"line":35,"column":4}},"5":{"start":{"line":36,"column":2},"end":{"line":36,"column":15}}},"fnMap":{"0":{"name":"(anonymous_0)","decl":{"start":{"line":3,"column":17},"end":{"line":3,"column":18}},"loc":{"start":{"line":3,"column":43},"end":{"line":37,"column":1}},"line":3},"1":{"name":"(anonymous_1)","decl":{"start":{"line":10,"column":4},"end":{"line":10,"column":5}},"loc":{"start":{"line":10,"column":29},"end":{"line":14,"column":5}},"line":10}},"branchMap":{},"s":{"0":1,"1":1,"2":1,"3":1,"4":1,"5":1},"f":{"0":1,"1":1},"b":{},"_coverageSchema":"1a1c01bbd47fc00a2c39e90264f33305004495a9","hash":"8acc9789c7235241ab45eac64dff91c61b949dee"}
,"F:\\Github\\Phase3\\HacktiPhase-Server\\app\\models\\phasebatch.js": {"path":"F:\\Github\\Phase3\\HacktiPhase-Server\\app\\models\\phasebatch.js","statementMap":{"0":{"start":{"line":2,"column":18},"end":{"line":2,"column":38}},"1":{"start":{"line":3,"column":0},"end":{"line":52,"column":2}},"2":{"start":{"line":12,"column":6},"end":{"line":12,"column":41}},"3":{"start":{"line":13,"column":6},"end":{"line":13,"column":41}},"4":{"start":{"line":14,"column":6},"end":{"line":14,"column":38}},"5":{"start":{"line":17,"column":2},"end":{"line":50,"column":4}},"6":{"start":{"line":51,"column":2},"end":{"line":51,"column":20}}},"fnMap":{"0":{"name":"(anonymous_0)","decl":{"start":{"line":3,"column":17},"end":{"line":3,"column":18}},"loc":{"start":{"line":3,"column":43},"end":{"line":52,"column":1}},"line":3},"1":{"name":"(anonymous_1)","decl":{"start":{"line":10,"column":4},"end":{"line":10,"column":5}},"loc":{"start":{"line":10,"column":29},"end":{"line":15,"column":5}},"line":10}},"branchMap":{},"s":{"0":1,"1":1,"2":1,"3":1,"4":1,"5":1,"6":1},"f":{"0":1,"1":1},"b":{},"_coverageSchema":"1a1c01bbd47fc00a2c39e90264f33305004495a9","hash":"152df654e97106a386713ef1ce3a2f4e8d0d6ecc"}
,"F:\\Github\\Phase3\\HacktiPhase-Server\\app\\models\\studentjourney.js": {"path":"F:\\Github\\Phase3\\HacktiPhase-Server\\app\\models\\studentjourney.js","statementMap":{"0":{"start":{"line":2,"column":18},"end":{"line":2,"column":38}},"1":{"start":{"line":3,"column":0},"end":{"line":39,"column":2}},"2":{"start":{"line":12,"column":6},"end":{"line":12,"column":44}},"3":{"start":{"line":13,"column":6},"end":{"line":13,"column":47}},"4":{"start":{"line":16,"column":2},"end":{"line":37,"column":4}},"5":{"start":{"line":38,"column":2},"end":{"line":38,"column":24}}},"fnMap":{"0":{"name":"(anonymous_0)","decl":{"start":{"line":3,"column":17},"end":{"line":3,"column":18}},"loc":{"start":{"line":3,"column":43},"end":{"line":39,"column":1}},"line":3},"1":{"name":"(anonymous_1)","decl":{"start":{"line":10,"column":4},"end":{"line":10,"column":5}},"loc":{"start":{"line":10,"column":29},"end":{"line":14,"column":5}},"line":10}},"branchMap":{},"s":{"0":1,"1":1,"2":1,"3":1,"4":1,"5":1},"f":{"0":1,"1":1},"b":{},"_coverageSchema":"1a1c01bbd47fc00a2c39e90264f33305004495a9","hash":"2eada7b5eb569c01eace14cfd858ee4b4e24706e"}
,"F:\\Github\\Phase3\\HacktiPhase-Server\\app\\models\\thread.js": {"path":"F:\\Github\\Phase3\\HacktiPhase-Server\\app\\models\\thread.js","statementMap":{"0":{"start":{"line":2,"column":18},"end":{"line":2,"column":38}},"1":{"start":{"line":3,"column":0},"end":{"line":49,"column":2}},"2":{"start":{"line":12,"column":6},"end":{"line":12,"column":36}},"3":{"start":{"line":15,"column":2},"end":{"line":47,"column":4}},"4":{"start":{"line":48,"column":2},"end":{"line":48,"column":16}}},"fnMap":{"0":{"name":"(anonymous_0)","decl":{"start":{"line":3,"column":17},"end":{"line":3,"column":18}},"loc":{"start":{"line":3,"column":43},"end":{"line":49,"column":1}},"line":3},"1":{"name":"(anonymous_1)","decl":{"start":{"line":10,"column":4},"end":{"line":10,"column":5}},"loc":{"start":{"line":10,"column":29},"end":{"line":13,"column":5}},"line":10}},"branchMap":{},"s":{"0":1,"1":1,"2":1,"3":1,"4":1},"f":{"0":1,"1":1},"b":{},"_coverageSchema":"1a1c01bbd47fc00a2c39e90264f33305004495a9","hash":"a7d6d32b11cba279d0a6741f42199e2d8a2c4d7e"}
,"F:\\Github\\Phase3\\HacktiPhase-Server\\app\\models\\user.js": {"path":"F:\\Github\\Phase3\\HacktiPhase-Server\\app\\models\\user.js","statementMap":{"0":{"start":{"line":2,"column":18},"end":{"line":2,"column":38}},"1":{"start":{"line":3,"column":23},"end":{"line":3,"column":44}},"2":{"start":{"line":4,"column":0},"end":{"line":92,"column":2}},"3":{"start":{"line":13,"column":6},"end":{"line":13,"column":40}},"4":{"start":{"line":14,"column":6},"end":{"line":14,"column":43}},"5":{"start":{"line":17,"column":2},"end":{"line":90,"column":4}},"6":{"start":{"line":86,"column":10},"end":{"line":86,"column":52}},"7":{"start":{"line":91,"column":2},"end":{"line":91,"column":14}}},"fnMap":{"0":{"name":"(anonymous_0)","decl":{"start":{"line":4,"column":17},"end":{"line":4,"column":18}},"loc":{"start":{"line":4,"column":43},"end":{"line":92,"column":1}},"line":4},"1":{"name":"(anonymous_1)","decl":{"start":{"line":11,"column":4},"end":{"line":11,"column":5}},"loc":{"start":{"line":11,"column":29},"end":{"line":15,"column":5}},"line":11},"2":{"name":"(anonymous_2)","decl":{"start":{"line":85,"column":8},"end":{"line":85,"column":9}},"loc":{"start":{"line":85,"column":27},"end":{"line":87,"column":9}},"line":85}},"branchMap":{},"s":{"0":1,"1":1,"2":1,"3":1,"4":1,"5":1,"6":0,"7":1},"f":{"0":1,"1":1,"2":0},"b":{},"_coverageSchema":"1a1c01bbd47fc00a2c39e90264f33305004495a9","hash":"10e6b686f5b8fe310589406a3ef827bab2bd739d"}
,"F:\\Github\\Phase3\\HacktiPhase-Server\\app\\routers\\assignment.js": {"path":"F:\\Github\\Phase3\\HacktiPhase-Server\\app\\routers\\assignment.js","statementMap":{"0":{"start":{"line":1,"column":29},"end":{"line":1,"column":75}},"1":{"start":{"line":2,"column":42},"end":{"line":2,"column":72}},"2":{"start":{"line":4,"column":15},"end":{"line":4,"column":42}},"3":{"start":{"line":6,"column":0},"end":{"line":6,"column":27}},"4":{"start":{"line":7,"column":0},"end":{"line":7,"column":55}},"5":{"start":{"line":8,"column":0},"end":{"line":8,"column":69}},"6":{"start":{"line":9,"column":0},"end":{"line":9,"column":61}},"7":{"start":{"line":10,"column":0},"end":{"line":10,"column":56}},"8":{"start":{"line":12,"column":0},"end":{"line":12,"column":24}}},"fnMap":{},"branchMap":{},"s":{"0":1,"1":1,"2":1,"3":1,"4":1,"5":1,"6":1,"7":1,"8":1},"f":{},"b":{},"_coverageSchema":"1a1c01bbd47fc00a2c39e90264f33305004495a9","hash":"c9253c82e1d70d1cbff7749854835dd7f0c77dfa"}
,"F:\\Github\\Phase3\\HacktiPhase-Server\\app\\routers\\index.js": {"path":"F:\\Github\\Phase3\\HacktiPhase-Server\\app\\routers\\index.js","statementMap":{"0":{"start":{"line":1,"column":15},"end":{"line":1,"column":42}},"1":{"start":{"line":2,"column":19},"end":{"line":2,"column":42}},"2":{"start":{"line":3,"column":17},"end":{"line":3,"column":38}},"3":{"start":{"line":4,"column":16},"end":{"line":4,"column":36}},"4":{"start":{"line":5,"column":19},"end":{"line":5,"column":42}},"5":{"start":{"line":6,"column":13},"end":{"line":6,"column":30}},"6":{"start":{"line":7,"column":14},"end":{"line":7,"column":45}},"7":{"start":{"line":9,"column":0},"end":{"line":9,"column":38}},"8":{"start":{"line":10,"column":0},"end":{"line":10,"column":34}},"9":{"start":{"line":11,"column":0},"end":{"line":11,"column":32}},"10":{"start":{"line":12,"column":0},"end":{"line":12,"column":38}},"11":{"start":{"line":13,"column":0},"end":{"line":13,"column":26}},"12":{"start":{"line":14,"column":0},"end":{"line":14,"column":18}},"13":{"start":{"line":16,"column":0},"end":{"line":16,"column":24}}},"fnMap":{},"branchMap":{},"s":{"0":1,"1":1,"2":1,"3":1,"4":1,"5":1,"6":1,"7":1,"8":1,"9":1,"10":1,"11":1,"12":1,"13":1},"f":{},"b":{},"_coverageSchema":"1a1c01bbd47fc00a2c39e90264f33305004495a9","hash":"f6837584dfb8b6d3476b9677cb6201bd3143b3c1"}
,"F:\\Github\\Phase3\\HacktiPhase-Server\\app\\routers\\journey.js": {"path":"F:\\Github\\Phase3\\HacktiPhase-Server\\app\\routers\\journey.js","statementMap":{"0":{"start":{"line":1,"column":26},"end":{"line":1,"column":69}},"1":{"start":{"line":2,"column":27},"end":{"line":2,"column":57}},"2":{"start":{"line":4,"column":15},"end":{"line":4,"column":42}},"3":{"start":{"line":6,"column":0},"end":{"line":6,"column":27}},"4":{"start":{"line":7,"column":0},"end":{"line":7,"column":73}},"5":{"start":{"line":8,"column":0},"end":{"line":8,"column":80}},"6":{"start":{"line":9,"column":0},"end":{"line":9,"column":74}},"7":{"start":{"line":11,"column":0},"end":{"line":11,"column":24}}},"fnMap":{},"branchMap":{},"s":{"0":1,"1":1,"2":1,"3":1,"4":1,"5":1,"6":1,"7":1},"f":{},"b":{},"_coverageSchema":"1a1c01bbd47fc00a2c39e90264f33305004495a9","hash":"d323d769364cee85264cdddcd999d2428d6e7592"}
,"F:\\Github\\Phase3\\HacktiPhase-Server\\app\\routers\\material.js": {"path":"F:\\Github\\Phase3\\HacktiPhase-Server\\app\\routers\\material.js","statementMap":{"0":{"start":{"line":1,"column":27},"end":{"line":1,"column":71}},"1":{"start":{"line":2,"column":42},"end":{"line":2,"column":72}},"2":{"start":{"line":4,"column":15},"end":{"line":4,"column":42}},"3":{"start":{"line":6,"column":0},"end":{"line":6,"column":27}},"4":{"start":{"line":7,"column":0},"end":{"line":7,"column":51}},"5":{"start":{"line":8,"column":0},"end":{"line":8,"column":65}},"6":{"start":{"line":9,"column":0},"end":{"line":9,"column":57}},"7":{"start":{"line":11,"column":0},"end":{"line":11,"column":24}}},"fnMap":{},"branchMap":{},"s":{"0":1,"1":1,"2":1,"3":1,"4":1,"5":1,"6":1,"7":1},"f":{},"b":{},"_coverageSchema":"1a1c01bbd47fc00a2c39e90264f33305004495a9","hash":"06e866dc1731d7c9f87642acb80a386877e95c24"}
,"F:\\Github\\Phase3\\HacktiPhase-Server\\app\\routers\\phasebatch.js": {"path":"F:\\Github\\Phase3\\HacktiPhase-Server\\app\\routers\\phasebatch.js","statementMap":{"0":{"start":{"line":1,"column":29},"end":{"line":1,"column":75}},"1":{"start":{"line":2,"column":42},"end":{"line":2,"column":72}},"2":{"start":{"line":4,"column":15},"end":{"line":4,"column":42}},"3":{"start":{"line":6,"column":0},"end":{"line":6,"column":27}},"4":{"start":{"line":7,"column":0},"end":{"line":7,"column":69}},"5":{"start":{"line":8,"column":0},"end":{"line":8,"column":71}},"6":{"start":{"line":9,"column":0},"end":{"line":9,"column":64}},"7":{"start":{"line":11,"column":0},"end":{"line":11,"column":24}}},"fnMap":{},"branchMap":{},"s":{"0":1,"1":1,"2":1,"3":1,"4":1,"5":1,"6":1,"7":1},"f":{},"b":{},"_coverageSchema":"1a1c01bbd47fc00a2c39e90264f33305004495a9","hash":"c51e18655625722255ee8b3cd2af814b5f844e6c"}
,"F:\\Github\\Phase3\\HacktiPhase-Server\\app\\routers\\user.js": {"path":"F:\\Github\\Phase3\\HacktiPhase-Server\\app\\routers\\user.js","statementMap":{"0":{"start":{"line":1,"column":23},"end":{"line":1,"column":63}},"1":{"start":{"line":2,"column":42},"end":{"line":2,"column":72}},"2":{"start":{"line":4,"column":15},"end":{"line":4,"column":42}},"3":{"start":{"line":6,"column":0},"end":{"line":6,"column":42}},"4":{"start":{"line":7,"column":0},"end":{"line":7,"column":62}},"5":{"start":{"line":8,"column":0},"end":{"line":8,"column":50}},"6":{"start":{"line":10,"column":0},"end":{"line":10,"column":24}}},"fnMap":{},"branchMap":{},"s":{"0":1,"1":1,"2":1,"3":1,"4":1,"5":1,"6":1},"f":{},"b":{},"_coverageSchema":"1a1c01bbd47fc00a2c39e90264f33305004495a9","hash":"9cc60fa41825b52d1382bbe7151eceaa23450a57"}
}
