TN:
SF:app.js
FNF:0
FNH:0
DA:1,1
DA:2,1
DA:3,1
DA:4,1
DA:5,1
DA:7,1
DA:8,1
DA:9,1
DA:10,1
DA:12,1
LF:10
LH:10
BRF:0
BRH:0
end_of_record
TN:
SF:controllers\AssignmentController.js
FN:4,(anonymous_0)
FN:29,(anonymous_1)
FN:47,(anonymous_2)
FN:74,(anonymous_3)
FN:77,updateOrCreate
FN:104,(anonymous_5)
FNF:6
FNH:6
FNDA:3,(anonymous_0)
FNDA:2,(anonymous_1)
FNDA:2,(anonymous_2)
FNDA:3,(anonymous_3)
FNDA:2,updateOrCreate
FNDA:2,(anonymous_5)
DA:1,1
DA:5,3
DA:6,3
DA:14,3
DA:15,1
DA:18,1
DA:22,3
DA:23,2
DA:25,1
DA:30,2
DA:31,2
DA:40,2
DA:41,1
DA:43,1
DA:48,2
DA:49,2
DA:62,2
DA:66,1
DA:68,1
DA:70,1
DA:75,3
DA:76,3
DA:78,2
DA:84,2
DA:85,1
DA:91,1
DA:104,3
DA:105,2
DA:107,2
DA:108,2
DA:109,2
DA:113,1
DA:114,1
DA:119,1
LF:34
LH:34
BRDA:14,0,0,1
BRDA:14,0,1,2
BRDA:62,1,0,1
BRDA:62,1,1,1
BRDA:63,2,0,2
BRDA:63,2,1,1
BRDA:84,3,0,1
BRDA:84,3,1,1
BRF:8
BRH:8
end_of_record
TN:
SF:controllers\JourneyController.js
FN:4,(anonymous_0)
FN:17,(anonymous_1)
FN:37,(anonymous_2)
FNF:3
FNH:3
FNDA:2,(anonymous_0)
FNDA:2,(anonymous_1)
FNDA:2,(anonymous_2)
DA:1,1
DA:5,2
DA:6,2
DA:11,1
DA:13,1
DA:18,2
DA:19,2
DA:31,1
DA:33,1
DA:38,2
DA:39,2
DA:45,2
DA:46,1
DA:48,1
DA:58,1
DA:60,1
DA:65,1
LF:17
LH:17
BRDA:45,0,0,1
BRDA:45,0,1,1
BRDA:50,1,0,1
BRDA:50,1,1,0
BRF:4
BRH:3
end_of_record
TN:
SF:controllers\MaterialController.js
FN:4,(anonymous_0)
FN:17,(anonymous_1)
FN:31,(anonymous_2)
FNF:3
FNH:3
FNDA:2,(anonymous_0)
FNDA:2,(anonymous_1)
FNDA:3,(anonymous_2)
DA:1,1
DA:5,2
DA:6,2
DA:11,1
DA:13,1
DA:18,2
DA:19,2
DA:25,1
DA:27,1
DA:32,3
DA:33,3
DA:38,2
DA:42,0
DA:44,2
DA:46,1
DA:51,1
LF:16
LH:15
BRDA:38,0,0,0
BRDA:38,0,1,2
BRDA:39,1,0,2
BRDA:39,1,1,1
BRF:4
BRH:3
end_of_record
TN:
SF:controllers\PhaseBatchController.js
FN:11,(anonymous_0)
FN:29,(anonymous_1)
FN:56,(anonymous_2)
FNF:3
FNH:3
FNDA:2,(anonymous_0)
FNDA:2,(anonymous_1)
FNDA:2,(anonymous_2)
DA:8,1
DA:12,2
DA:13,2
DA:23,1
DA:25,1
DA:30,2
DA:31,2
DA:50,1
DA:52,1
DA:57,2
DA:58,2
DA:63,1
DA:64,1
DA:65,1
DA:68,1
DA:94,1
DA:96,1
DA:101,1
LF:18
LH:18
BRF:0
BRH:0
end_of_record
TN:
SF:controllers\UserController.js
FN:5,(anonymous_0)
FN:26,(anonymous_1)
FNF:2
FNH:2
FNDA:2,(anonymous_0)
FNDA:2,(anonymous_1)
DA:1,1
DA:2,1
DA:6,2
DA:7,2
DA:8,2
DA:18,1
DA:22,1
DA:27,2
DA:28,2
DA:40,1
DA:44,1
DA:49,1
LF:12
LH:12
BRDA:10,0,0,1
BRDA:10,0,1,1
BRDA:19,1,0,1
BRDA:19,1,1,0
BRF:4
BRH:3
end_of_record
TN:
SF:helpers\index.js
FN:6,(anonymous_0)
FN:9,(anonymous_1)
FNF:2
FNH:1
FNDA:65,(anonymous_0)
FNDA:0,(anonymous_1)
DA:1,1
DA:2,1
DA:3,1
DA:6,65
DA:9,1
DA:11,1
LF:6
LH:6
BRF:0
BRH:0
end_of_record
TN:
SF:middlewares\auth.js
FN:4,(anonymous_0)
FN:31,(anonymous_1)
FNF:2
FNH:2
FNDA:65,(anonymous_0)
FNDA:12,(anonymous_1)
DA:1,1
DA:2,1
DA:4,1
DA:5,65
DA:6,65
DA:7,65
DA:8,37
DA:16,37
DA:17,0
DA:19,37
DA:25,37
DA:27,28
DA:31,1
DA:32,12
DA:33,12
DA:34,12
DA:35,4
DA:37,8
DA:39,4
DA:43,1
LF:20
LH:19
BRDA:16,0,0,0
BRDA:16,0,1,37
BRDA:34,1,0,4
BRDA:34,1,1,8
BRF:4
BRH:3
end_of_record
TN:
SF:middlewares\error.js
FN:1,(anonymous_0)
FNF:1
FNH:1
FNDA:47,(anonymous_0)
DA:1,1
DA:2,47
DA:3,47
DA:4,47
DA:5,47
DA:6,28
DA:7,28
DA:8,19
DA:12,0
DA:13,0
DA:14,19
DA:15,0
DA:16,0
DA:17,19
DA:18,6
DA:19,6
DA:21,47
LF:17
LH:13
BRDA:5,0,0,28
BRDA:5,0,1,19
BRDA:8,1,0,0
BRDA:8,1,1,19
BRDA:9,2,0,19
BRDA:9,2,1,19
BRDA:14,3,0,0
BRDA:14,3,1,19
BRDA:17,4,0,6
BRDA:17,4,1,13
BRF:10
BRH:8
end_of_record
TN:
SF:models\assignment.js
FN:3,(anonymous_0)
FN:10,(anonymous_1)
FNF:2
FNH:2
FNDA:1,(anonymous_0)
FNDA:1,(anonymous_1)
DA:2,1
DA:3,1
DA:12,1
DA:13,1
DA:16,1
DA:120,1
LF:6
LH:6
BRF:0
BRH:0
end_of_record
TN:
SF:models\assignmentdetail.js
FN:3,(anonymous_0)
FN:10,(anonymous_1)
FNF:2
FNH:2
FNDA:1,(anonymous_0)
FNDA:1,(anonymous_1)
DA:2,1
DA:3,1
DA:12,1
DA:13,1
DA:16,1
DA:49,1
LF:6
LH:6
BRF:0
BRH:0
end_of_record
TN:
SF:models\batch.js
FN:3,(anonymous_0)
FN:10,(anonymous_1)
FNF:2
FNH:2
FNDA:1,(anonymous_0)
FNDA:1,(anonymous_1)
DA:2,1
DA:3,1
DA:14,1
DA:34,1
LF:4
LH:4
BRF:0
BRH:0
end_of_record
TN:
SF:models\comment.js
FN:3,(anonymous_0)
FN:10,(anonymous_1)
FNF:2
FNH:2
FNDA:1,(anonymous_0)
FNDA:1,(anonymous_1)
DA:2,1
DA:3,1
DA:12,1
DA:13,1
DA:16,1
DA:49,1
LF:6
LH:6
BRF:0
BRH:0
end_of_record
TN:
SF:models\index.js
FN:21,(anonymous_0)
FN:24,(anonymous_1)
FN:29,(anonymous_2)
FNF:3
FNH:3
FNDA:12,(anonymous_0)
FNDA:11,(anonymous_1)
FNDA:11,(anonymous_2)
DA:3,1
DA:4,1
DA:5,1
DA:6,1
DA:7,1
DA:8,1
DA:9,1
DA:10,1
DA:13,1
DA:14,0
DA:16,1
DA:19,1
DA:22,12
DA:25,11
DA:26,11
DA:29,1
DA:30,11
DA:31,11
DA:35,1
DA:36,1
DA:38,1
LF:21
LH:20
BRDA:8,0,0,1
BRDA:8,0,1,0
BRDA:13,1,0,0
BRDA:13,1,1,1
BRDA:22,2,0,12
BRDA:22,2,1,12
BRDA:22,2,2,11
BRDA:30,3,0,11
BRDA:30,3,1,0
BRF:9
BRH:6
end_of_record
TN:
SF:models\journey.js
FN:3,(anonymous_0)
FN:10,(anonymous_1)
FNF:2
FNH:2
FNDA:1,(anonymous_0)
FNDA:1,(anonymous_1)
DA:2,1
DA:3,1
DA:12,1
DA:13,1
DA:16,1
DA:60,1
LF:6
LH:6
BRF:0
BRH:0
end_of_record
TN:
SF:models\material.js
FN:3,(anonymous_0)
FN:10,(anonymous_1)
FNF:2
FNH:2
FNDA:1,(anonymous_0)
FNDA:1,(anonymous_1)
DA:2,1
DA:3,1
DA:12,1
DA:15,1
DA:107,1
LF:5
LH:5
BRF:0
BRH:0
end_of_record
TN:
SF:models\phase.js
FN:3,(anonymous_0)
FN:10,(anonymous_1)
FNF:2
FNH:2
FNDA:1,(anonymous_0)
FNDA:1,(anonymous_1)
DA:2,1
DA:3,1
DA:12,1
DA:13,1
DA:16,1
DA:36,1
LF:6
LH:6
BRF:0
BRH:0
end_of_record
TN:
SF:models\phasebatch.js
FN:3,(anonymous_0)
FN:10,(anonymous_1)
FNF:2
FNH:2
FNDA:1,(anonymous_0)
FNDA:1,(anonymous_1)
DA:2,1
DA:3,1
DA:12,1
DA:13,1
DA:14,1
DA:17,1
DA:51,1
LF:7
LH:7
BRF:0
BRH:0
end_of_record
TN:
SF:models\studentjourney.js
FN:3,(anonymous_0)
FN:10,(anonymous_1)
FNF:2
FNH:2
FNDA:1,(anonymous_0)
FNDA:1,(anonymous_1)
DA:2,1
DA:3,1
DA:12,1
DA:13,1
DA:16,1
DA:38,1
LF:6
LH:6
BRF:0
BRH:0
end_of_record
TN:
SF:models\thread.js
FN:3,(anonymous_0)
FN:10,(anonymous_1)
FNF:2
FNH:2
FNDA:1,(anonymous_0)
FNDA:1,(anonymous_1)
DA:2,1
DA:3,1
DA:12,1
DA:15,1
DA:48,1
LF:5
LH:5
BRF:0
BRH:0
end_of_record
TN:
SF:models\user.js
FN:4,(anonymous_0)
FN:11,(anonymous_1)
FN:85,(anonymous_2)
FNF:3
FNH:2
FNDA:1,(anonymous_0)
FNDA:1,(anonymous_1)
FNDA:0,(anonymous_2)
DA:2,1
DA:3,1
DA:4,1
DA:13,1
DA:14,1
DA:17,1
DA:86,0
DA:91,1
LF:8
LH:7
BRF:0
BRH:0
end_of_record
TN:
SF:routers\assignment.js
FNF:0
FNH:0
DA:1,1
DA:2,1
DA:4,1
DA:6,1
DA:7,1
DA:8,1
DA:9,1
DA:10,1
DA:12,1
LF:9
LH:9
BRF:0
BRH:0
end_of_record
TN:
SF:routers\index.js
FNF:0
FNH:0
DA:1,1
DA:2,1
DA:3,1
DA:4,1
DA:5,1
DA:6,1
DA:7,1
DA:9,1
DA:10,1
DA:11,1
DA:12,1
DA:13,1
DA:14,1
DA:16,1
LF:14
LH:14
BRF:0
BRH:0
end_of_record
TN:
SF:routers\journey.js
FNF:0
FNH:0
DA:1,1
DA:2,1
DA:4,1
DA:6,1
DA:7,1
DA:8,1
DA:9,1
DA:11,1
LF:8
LH:8
BRF:0
BRH:0
end_of_record
TN:
SF:routers\material.js
FNF:0
FNH:0
DA:1,1
DA:2,1
DA:4,1
DA:6,1
DA:7,1
DA:8,1
DA:9,1
DA:11,1
LF:8
LH:8
BRF:0
BRH:0
end_of_record
TN:
SF:routers\phasebatch.js
FNF:0
FNH:0
DA:1,1
DA:2,1
DA:4,1
DA:6,1
DA:7,1
DA:8,1
DA:9,1
DA:11,1
LF:8
LH:8
BRF:0
BRH:0
end_of_record
TN:
SF:routers\user.js
FNF:0
FNH:0
DA:1,1
DA:2,1
DA:4,1
DA:6,1
DA:7,1
DA:8,1
DA:10,1
LF:7
LH:7
BRF:0
BRH:0
end_of_record
